{"D:\\code\\CodeMap\\backend\\src\\app.ts": {"path":"D:\\code\\CodeMap\\backend\\src\\app.ts","statementMap":{"0":{"start":{"line":1,"column":0},"end":{"line":1,"column":67}},"1":{"start":{"line":2,"column":0},"end":{"line":2,"column":41}},"2":{"start":{"line":3,"column":0},"end":{"line":3,"column":32}},"3":{"start":{"line":4,"column":0},"end":{"line":4,"column":52}},"4":{"start":{"line":5,"column":0},"end":{"line":5,"column":52}},"5":{"start":{"line":6,"column":0},"end":{"line":6,"column":47}},"6":{"start":{"line":8,"column":12},"end":{"line":8,"column":21}},"7":{"start":{"line":10,"column":0},"end":{"line":10,"column":24}},"8":{"start":{"line":11,"column":0},"end":{"line":11,"column":24}},"9":{"start":{"line":14,"column":0},"end":{"line":14,"column":23}},"10":{"start":{"line":15,"column":0},"end":{"line":15,"column":31}},"11":{"start":{"line":18,"column":0},"end":{"line":18,"column":30}},"12":{"start":{"line":19,"column":0},"end":{"line":19,"column":29}},"13":{"start":{"line":22,"column":0},"end":{"line":25,"column":3}},"14":{"start":{"line":23,"column":2},"end":{"line":23,"column":29}},"15":{"start":{"line":24,"column":2},"end":{"line":24,"column":47}},"16":{"start":{"line":27,"column":0},"end":{"line":27,"column":19}}},"fnMap":{"0":{"name":"(anonymous_1)","decl":{"start":{"line":22,"column":8},"end":{"line":22,"column":9}},"loc":{"start":{"line":22,"column":74},"end":{"line":25,"column":1}}}},"branchMap":{},"s":{"0":0,"1":0,"2":0,"3":0,"4":0,"5":0,"6":0,"7":0,"8":0,"9":0,"10":0,"11":0,"12":0,"13":0,"14":0,"15":0,"16":0},"f":{"0":0},"b":{}}
,"D:\\code\\CodeMap\\backend\\src\\server.ts": {"path":"D:\\code\\CodeMap\\backend\\src\\server.ts","statementMap":{"0":{"start":{"line":1,"column":0},"end":{"line":1,"column":26}},"1":{"start":{"line":2,"column":0},"end":{"line":2,"column":24}},"2":{"start":{"line":3,"column":0},"end":{"line":3,"column":41}},"3":{"start":{"line":4,"column":0},"end":{"line":4,"column":52}},"4":{"start":{"line":5,"column":0},"end":{"line":5,"column":45}},"5":{"start":{"line":7,"column":21},"end":{"line":7,"column":34}},"6":{"start":{"line":8,"column":0},"end":{"line":14,"column":1}},"7":{"start":{"line":9,"column":2},"end":{"line":12,"column":4}},"8":{"start":{"line":13,"column":2},"end":{"line":13,"column":18}},"9":{"start":{"line":16,"column":29},"end":{"line":31,"column":1}},"10":{"start":{"line":17,"column":27},"end":{"line":17,"column":54}},"11":{"start":{"line":19,"column":2},"end":{"line":21,"column":3}},"12":{"start":{"line":20,"column":4},"end":{"line":20,"column":39}},"13":{"start":{"line":23,"column":2},"end":{"line":30,"column":3}},"14":{"start":{"line":24,"column":4},"end":{"line":24,"column":46}},"15":{"start":{"line":25,"column":4},"end":{"line":25,"column":25}},"16":{"start":{"line":27,"column":4},"end":{"line":27,"column":64}},"17":{"start":{"line":28,"column":25},"end":{"line":28,"column":67}},"18":{"start":{"line":29,"column":4},"end":{"line":29,"column":67}},"19":{"start":{"line":33,"column":0},"end":{"line":46,"column":3}},"20":{"start":{"line":34,"column":2},"end":{"line":45,"column":4}},"21":{"start":{"line":36,"column":19},"end":{"line":36,"column":35}},"22":{"start":{"line":37,"column":6},"end":{"line":39,"column":9}},"23":{"start":{"line":38,"column":8},"end":{"line":38,"column":66}},"24":{"start":{"line":42,"column":6},"end":{"line":42,"column":70}},"25":{"start":{"line":43,"column":6},"end":{"line":43,"column":22}}},"fnMap":{"0":{"name":"(anonymous_1)","decl":{"start":{"line":16,"column":29},"end":{"line":16,"column":34}},"loc":{"start":{"line":16,"column":71},"end":{"line":31,"column":1}}},"1":{"name":"(anonymous_2)","decl":{"start":{"line":33,"column":28},"end":{"line":33,"column":29}},"loc":{"start":{"line":33,"column":39},"end":{"line":46,"column":1}}},"2":{"name":"(anonymous_3)","decl":{"start":{"line":35,"column":4},"end":{"line":35,"column":7}},"loc":{"start":{"line":35,"column":9},"end":{"line":40,"column":5}}},"3":{"name":"(anonymous_4)","decl":{"start":{"line":37,"column":23},"end":{"line":37,"column":26}},"loc":{"start":{"line":37,"column":28},"end":{"line":39,"column":7}}},"4":{"name":"(anonymous_5)","decl":{"start":{"line":41,"column":4},"end":{"line":41,"column":5}},"loc":{"start":{"line":41,"column":14},"end":{"line":44,"column":5}}}},"branchMap":{"0":{"loc":{"start":{"line":8,"column":0},"end":{"line":14,"column":1}},"type":"if","locations":[{"start":{"line":8,"column":0},"end":{"line":14,"column":1}}]},"1":{"loc":{"start":{"line":19,"column":2},"end":{"line":21,"column":3}},"type":"if","locations":[{"start":{"line":19,"column":2},"end":{"line":21,"column":3}}]},"2":{"loc":{"start":{"line":28,"column":25},"end":{"line":28,"column":67}},"type":"cond-expr","locations":[{"start":{"line":28,"column":46},"end":{"line":28,"column":55}},{"start":{"line":28,"column":58},"end":{"line":28,"column":67}}]}},"s":{"0":0,"1":0,"2":0,"3":0,"4":0,"5":0,"6":0,"7":0,"8":0,"9":0,"10":0,"11":0,"12":0,"13":0,"14":0,"15":0,"16":0,"17":0,"18":0,"19":0,"20":0,"21":0,"22":0,"23":0,"24":0,"25":0},"f":{"0":0,"1":0,"2":0,"3":0,"4":0},"b":{"0":[0],"1":[0],"2":[0,0]}}
,"D:\\code\\CodeMap\\backend\\src\\config\\config.ts": {"path":"D:\\code\\CodeMap\\backend\\src\\config\\config.ts","statementMap":{"0":{"start":{"line":1,"column":0},"end":{"line":1,"column":28}},"1":{"start":{"line":2,"column":0},"end":{"line":2,"column":45}},"2":{"start":{"line":4,"column":0},"end":{"line":4,"column":16}},"3":{"start":{"line":15,"column":24},"end":{"line":15,"column":29}},"4":{"start":{"line":18,"column":4},"end":{"line":18,"column":49}},"5":{"start":{"line":19,"column":17},"end":{"line":19,"column":33}},"6":{"start":{"line":20,"column":4},"end":{"line":20,"column":54}},"7":{"start":{"line":21,"column":4},"end":{"line":21,"column":59}},"8":{"start":{"line":22,"column":4},"end":{"line":22,"column":61}},"9":{"start":{"line":23,"column":4},"end":{"line":23,"column":57}},"10":{"start":{"line":24,"column":4},"end":{"line":24,"column":65}},"11":{"start":{"line":25,"column":4},"end":{"line":25,"column":57}},"12":{"start":{"line":26,"column":4},"end":{"line":26,"column":65}},"13":{"start":{"line":30,"column":30},"end":{"line":30,"column":32}},"14":{"start":{"line":32,"column":4},"end":{"line":32,"column":57}},"15":{"start":{"line":32,"column":28},"end":{"line":32,"column":57}},"16":{"start":{"line":33,"column":4},"end":{"line":33,"column":41}},"17":{"start":{"line":33,"column":20},"end":{"line":33,"column":41}},"18":{"start":{"line":34,"column":4},"end":{"line":34,"column":67}},"19":{"start":{"line":34,"column":33},"end":{"line":34,"column":67}},"20":{"start":{"line":35,"column":4},"end":{"line":35,"column":69}},"21":{"start":{"line":35,"column":34},"end":{"line":35,"column":69}},"22":{"start":{"line":37,"column":4},"end":{"line":37,"column":48}},"23":{"start":{"line":37,"column":28},"end":{"line":37,"column":48}},"24":{"start":{"line":39,"column":4},"end":{"line":39,"column":28}},"25":{"start":{"line":40,"column":4},"end":{"line":40,"column":59}},"26":{"start":{"line":44,"column":4},"end":{"line":44,"column":28}},"27":{"start":{"line":48,"column":4},"end":{"line":48,"column":29}},"28":{"start":{"line":52,"column":4},"end":{"line":52,"column":21}},"29":{"start":{"line":56,"column":4},"end":{"line":58,"column":5}},"30":{"start":{"line":57,"column":6},"end":{"line":57,"column":61}},"31":{"start":{"line":59,"column":4},"end":{"line":59,"column":34}},"32":{"start":{"line":63,"column":4},"end":{"line":65,"column":5}},"33":{"start":{"line":64,"column":6},"end":{"line":64,"column":62}},"34":{"start":{"line":66,"column":4},"end":{"line":66,"column":35}},"35":{"start":{"line":70,"column":4},"end":{"line":72,"column":5}},"36":{"start":{"line":71,"column":6},"end":{"line":71,"column":60}},"37":{"start":{"line":73,"column":4},"end":{"line":73,"column":33}},"38":{"start":{"line":77,"column":4},"end":{"line":79,"column":5}},"39":{"start":{"line":78,"column":6},"end":{"line":78,"column":64}},"40":{"start":{"line":80,"column":4},"end":{"line":80,"column":37}},"41":{"start":{"line":84,"column":4},"end":{"line":86,"column":5}},"42":{"start":{"line":85,"column":6},"end":{"line":85,"column":60}},"43":{"start":{"line":87,"column":4},"end":{"line":87,"column":33}},"44":{"start":{"line":91,"column":4},"end":{"line":93,"column":5}},"45":{"start":{"line":92,"column":6},"end":{"line":92,"column":64}},"46":{"start":{"line":94,"column":4},"end":{"line":94,"column":37}},"47":{"start":{"line":6,"column":0},"end":{"line":6,"column":13}},"48":{"start":{"line":98,"column":13},"end":{"line":98,"column":35}}},"fnMap":{"0":{"name":"(anonymous_1)","decl":{"start":{"line":17,"column":2},"end":{"line":17,"column":null}},"loc":{"start":{"line":17,"column":2},"end":{"line":27,"column":3}}},"1":{"name":"(anonymous_2)","decl":{"start":{"line":29,"column":2},"end":{"line":29,"column":6}},"loc":{"start":{"line":29,"column":6},"end":{"line":41,"column":3}}},"2":{"name":"(anonymous_3)","decl":{"start":{"line":43,"column":2},"end":{"line":43,"column":15}},"loc":{"start":{"line":43,"column":15},"end":{"line":45,"column":3}}},"3":{"name":"(anonymous_4)","decl":{"start":{"line":47,"column":2},"end":{"line":47,"column":16}},"loc":{"start":{"line":47,"column":16},"end":{"line":49,"column":3}}},"4":{"name":"(anonymous_5)","decl":{"start":{"line":51,"column":2},"end":{"line":51,"column":9}},"loc":{"start":{"line":51,"column":9},"end":{"line":53,"column":3}}},"5":{"name":"(anonymous_6)","decl":{"start":{"line":55,"column":2},"end":{"line":55,"column":20}},"loc":{"start":{"line":55,"column":20},"end":{"line":60,"column":3}}},"6":{"name":"(anonymous_7)","decl":{"start":{"line":62,"column":2},"end":{"line":62,"column":21}},"loc":{"start":{"line":62,"column":21},"end":{"line":67,"column":3}}},"7":{"name":"(anonymous_8)","decl":{"start":{"line":69,"column":2},"end":{"line":69,"column":19}},"loc":{"start":{"line":69,"column":19},"end":{"line":74,"column":3}}},"8":{"name":"(anonymous_9)","decl":{"start":{"line":76,"column":2},"end":{"line":76,"column":23}},"loc":{"start":{"line":76,"column":23},"end":{"line":81,"column":3}}},"9":{"name":"(anonymous_10)","decl":{"start":{"line":83,"column":2},"end":{"line":83,"column":19}},"loc":{"start":{"line":83,"column":19},"end":{"line":88,"column":3}}},"10":{"name":"(anonymous_11)","decl":{"start":{"line":90,"column":2},"end":{"line":90,"column":23}},"loc":{"start":{"line":90,"column":23},"end":{"line":95,"column":3}}}},"branchMap":{"0":{"loc":{"start":{"line":20,"column":16},"end":{"line":20,"column":53}},"type":"cond-expr","locations":[{"start":{"line":20,"column":23},"end":{"line":20,"column":41}},{"start":{"line":20,"column":44},"end":{"line":20,"column":53}}]},"1":{"loc":{"start":{"line":32,"column":4},"end":{"line":32,"column":57}},"type":"if","locations":[{"start":{"line":32,"column":4},"end":{"line":32,"column":57}}]},"2":{"loc":{"start":{"line":33,"column":4},"end":{"line":33,"column":41}},"type":"if","locations":[{"start":{"line":33,"column":4},"end":{"line":33,"column":41}}]},"3":{"loc":{"start":{"line":34,"column":4},"end":{"line":34,"column":67}},"type":"if","locations":[{"start":{"line":34,"column":4},"end":{"line":34,"column":67}}]},"4":{"loc":{"start":{"line":35,"column":4},"end":{"line":35,"column":69}},"type":"if","locations":[{"start":{"line":35,"column":4},"end":{"line":35,"column":69}}]},"5":{"loc":{"start":{"line":37,"column":4},"end":{"line":37,"column":48}},"type":"if","locations":[{"start":{"line":37,"column":4},"end":{"line":37,"column":48}}]},"6":{"loc":{"start":{"line":56,"column":4},"end":{"line":58,"column":5}},"type":"if","locations":[{"start":{"line":56,"column":4},"end":{"line":58,"column":5}}]},"7":{"loc":{"start":{"line":63,"column":4},"end":{"line":65,"column":5}},"type":"if","locations":[{"start":{"line":63,"column":4},"end":{"line":65,"column":5}}]},"8":{"loc":{"start":{"line":70,"column":4},"end":{"line":72,"column":5}},"type":"if","locations":[{"start":{"line":70,"column":4},"end":{"line":72,"column":5}}]},"9":{"loc":{"start":{"line":77,"column":4},"end":{"line":79,"column":5}},"type":"if","locations":[{"start":{"line":77,"column":4},"end":{"line":79,"column":5}}]},"10":{"loc":{"start":{"line":84,"column":4},"end":{"line":86,"column":5}},"type":"if","locations":[{"start":{"line":84,"column":4},"end":{"line":86,"column":5}}]},"11":{"loc":{"start":{"line":91,"column":4},"end":{"line":93,"column":5}},"type":"if","locations":[{"start":{"line":91,"column":4},"end":{"line":93,"column":5}}]}},"s":{"0":0,"1":0,"2":0,"3":0,"4":0,"5":0,"6":0,"7":0,"8":0,"9":0,"10":0,"11":0,"12":0,"13":0,"14":0,"15":0,"16":0,"17":0,"18":0,"19":0,"20":0,"21":0,"22":0,"23":0,"24":0,"25":0,"26":0,"27":0,"28":0,"29":0,"30":0,"31":0,"32":0,"33":0,"34":0,"35":0,"36":0,"37":0,"38":0,"39":0,"40":0,"41":0,"42":0,"43":0,"44":0,"45":0,"46":0,"47":0,"48":0},"f":{"0":0,"1":0,"2":0,"3":0,"4":0,"5":0,"6":0,"7":0,"8":0,"9":0,"10":0},"b":{"0":[0,0],"1":[0],"2":[0],"3":[0],"4":[0],"5":[0],"6":[0],"7":[0],"8":[0],"9":[0],"10":[0],"11":[0]}}
,"D:\\code\\CodeMap\\backend\\src\\config\\datasource.ts": {"path":"D:\\code\\CodeMap\\backend\\src\\config\\datasource.ts","statementMap":{"0":{"start":{"line":1,"column":0},"end":{"line":1,"column":37}},"1":{"start":{"line":2,"column":0},"end":{"line":2,"column":45}},"2":{"start":{"line":3,"column":0},"end":{"line":3,"column":34}},"3":{"start":{"line":9,"column":4},"end":{"line":13,"column":5}},"4":{"start":{"line":10,"column":6},"end":{"line":12,"column":8}},"5":{"start":{"line":15,"column":4},"end":{"line":25,"column":5}},"6":{"start":{"line":16,"column":6},"end":{"line":24,"column":9}},"7":{"start":{"line":26,"column":4},"end":{"line":26,"column":31}},"8":{"start":{"line":30,"column":13},"end":{"line":30,"column":49}}},"fnMap":{"0":{"name":"(anonymous_0)","decl":{"start":{"line":8,"column":2},"end":{"line":8,"column":13}},"loc":{"start":{"line":8,"column":13},"end":{"line":27,"column":3}}}},"branchMap":{"0":{"loc":{"start":{"line":9,"column":4},"end":{"line":13,"column":5}},"type":"if","locations":[{"start":{"line":9,"column":4},"end":{"line":13,"column":5}}]},"1":{"loc":{"start":{"line":15,"column":4},"end":{"line":25,"column":5}},"type":"if","locations":[{"start":{"line":15,"column":4},"end":{"line":25,"column":5}}]}},"s":{"0":0,"1":0,"2":0,"3":0,"4":0,"5":0,"6":0,"7":0,"8":0},"f":{"0":0},"b":{"0":[0],"1":[0]}}
,"D:\\code\\CodeMap\\backend\\src\\middleware\\auth.middleware.ts": {"path":"D:\\code\\CodeMap\\backend\\src\\middleware\\auth.middleware.ts","statementMap":{"0":{"start":{"line":2,"column":0},"end":{"line":2,"column":44}},"1":{"start":{"line":3,"column":0},"end":{"line":3,"column":59}},"2":{"start":{"line":31,"column":4},"end":{"line":84,"column":5}},"3":{"start":{"line":32,"column":25},"end":{"line":32,"column":50}},"4":{"start":{"line":34,"column":6},"end":{"line":40,"column":7}},"5":{"start":{"line":35,"column":8},"end":{"line":38,"column":11}},"6":{"start":{"line":39,"column":8},"end":{"line":39,"column":15}},"7":{"start":{"line":42,"column":20},"end":{"line":42,"column":44}},"8":{"start":{"line":44,"column":6},"end":{"line":50,"column":7}},"9":{"start":{"line":45,"column":8},"end":{"line":48,"column":11}},"10":{"start":{"line":49,"column":8},"end":{"line":49,"column":15}},"11":{"start":{"line":52,"column":27},"end":{"line":52,"column":59}},"12":{"start":{"line":54,"column":6},"end":{"line":60,"column":7}},"13":{"start":{"line":55,"column":8},"end":{"line":58,"column":11}},"14":{"start":{"line":59,"column":8},"end":{"line":59,"column":15}},"15":{"start":{"line":62,"column":22},"end":{"line":62,"column":40}},"16":{"start":{"line":65,"column":25},"end":{"line":65,"column":67}},"17":{"start":{"line":67,"column":6},"end":{"line":73,"column":7}},"18":{"start":{"line":68,"column":8},"end":{"line":71,"column":11}},"19":{"start":{"line":72,"column":8},"end":{"line":72,"column":15}},"20":{"start":{"line":76,"column":6},"end":{"line":76,"column":34}},"21":{"start":{"line":77,"column":6},"end":{"line":77,"column":13}},"22":{"start":{"line":79,"column":27},"end":{"line":79,"column":81}},"23":{"start":{"line":80,"column":6},"end":{"line":83,"column":9}},"24":{"start":{"line":96,"column":4},"end":{"line":134,"column":5}},"25":{"start":{"line":97,"column":25},"end":{"line":97,"column":50}},"26":{"start":{"line":99,"column":6},"end":{"line":103,"column":7}},"27":{"start":{"line":101,"column":8},"end":{"line":101,"column":15}},"28":{"start":{"line":102,"column":8},"end":{"line":102,"column":15}},"29":{"start":{"line":105,"column":20},"end":{"line":105,"column":44}},"30":{"start":{"line":107,"column":6},"end":{"line":110,"column":7}},"31":{"start":{"line":108,"column":8},"end":{"line":108,"column":15}},"32":{"start":{"line":109,"column":8},"end":{"line":109,"column":15}},"33":{"start":{"line":112,"column":27},"end":{"line":112,"column":59}},"34":{"start":{"line":114,"column":6},"end":{"line":118,"column":7}},"35":{"start":{"line":116,"column":8},"end":{"line":116,"column":15}},"36":{"start":{"line":117,"column":8},"end":{"line":117,"column":15}},"37":{"start":{"line":120,"column":22},"end":{"line":120,"column":40}},"38":{"start":{"line":123,"column":25},"end":{"line":123,"column":67}},"39":{"start":{"line":125,"column":6},"end":{"line":128,"column":7}},"40":{"start":{"line":127,"column":8},"end":{"line":127,"column":36}},"41":{"start":{"line":130,"column":6},"end":{"line":130,"column":13}},"42":{"start":{"line":133,"column":6},"end":{"line":133,"column":13}},"43":{"start":{"line":141,"column":4},"end":{"line":175,"column":6}},"44":{"start":{"line":146,"column":6},"end":{"line":174,"column":7}},"45":{"start":{"line":147,"column":8},"end":{"line":153,"column":9}},"46":{"start":{"line":148,"column":10},"end":{"line":151,"column":13}},"47":{"start":{"line":152,"column":10},"end":{"line":152,"column":17}},"48":{"start":{"line":166,"column":8},"end":{"line":166,"column":15}},"49":{"start":{"line":169,"column":10},"end":{"line":169,"column":64}},"50":{"start":{"line":170,"column":8},"end":{"line":173,"column":11}},"51":{"start":{"line":186,"column":4},"end":{"line":211,"column":5}},"52":{"start":{"line":187,"column":6},"end":{"line":193,"column":7}},"53":{"start":{"line":188,"column":8},"end":{"line":191,"column":11}},"54":{"start":{"line":192,"column":8},"end":{"line":192,"column":15}},"55":{"start":{"line":195,"column":6},"end":{"line":202,"column":7}},"56":{"start":{"line":196,"column":8},"end":{"line":200,"column":11}},"57":{"start":{"line":201,"column":8},"end":{"line":201,"column":15}},"58":{"start":{"line":204,"column":6},"end":{"line":204,"column":13}},"59":{"start":{"line":206,"column":27},"end":{"line":206,"column":81}},"60":{"start":{"line":207,"column":6},"end":{"line":210,"column":9}},"61":{"start":{"line":22,"column":0},"end":{"line":22,"column":13}},"62":{"start":{"line":215,"column":13},"end":{"line":215,"column":51}}},"fnMap":{"0":{"name":"(anonymous_0)","decl":{"start":{"line":26,"column":2},"end":{"line":26,"column":7}},"loc":{"start":{"line":29,"column":22},"end":{"line":85,"column":3}}},"1":{"name":"(anonymous_1)","decl":{"start":{"line":91,"column":2},"end":{"line":91,"column":7}},"loc":{"start":{"line":94,"column":22},"end":{"line":135,"column":3}}},"2":{"name":"(anonymous_2)","decl":{"start":{"line":140,"column":2},"end":{"line":140,"column":13}},"loc":{"start":{"line":140,"column":30},"end":{"line":176,"column":3}}},"3":{"name":"(anonymous_3)","decl":{"start":{"line":141,"column":11},"end":{"line":141,"column":16}},"loc":{"start":{"line":145,"column":23},"end":{"line":175,"column":5}}},"4":{"name":"(anonymous_4)","decl":{"start":{"line":181,"column":2},"end":{"line":181,"column":7}},"loc":{"start":{"line":184,"column":22},"end":{"line":212,"column":3}}}},"branchMap":{"0":{"loc":{"start":{"line":34,"column":6},"end":{"line":40,"column":7}},"type":"if","locations":[{"start":{"line":34,"column":6},"end":{"line":40,"column":7}}]},"1":{"loc":{"start":{"line":34,"column":10},"end":{"line":34,"column":58}},"type":"binary-expr","locations":[{"start":{"line":34,"column":10},"end":{"line":34,"column":21}},{"start":{"line":34,"column":25},"end":{"line":34,"column":58}}]},"2":{"loc":{"start":{"line":44,"column":6},"end":{"line":50,"column":7}},"type":"if","locations":[{"start":{"line":44,"column":6},"end":{"line":50,"column":7}}]},"3":{"loc":{"start":{"line":54,"column":6},"end":{"line":60,"column":7}},"type":"if","locations":[{"start":{"line":54,"column":6},"end":{"line":60,"column":7}}]},"4":{"loc":{"start":{"line":67,"column":6},"end":{"line":73,"column":7}},"type":"if","locations":[{"start":{"line":67,"column":6},"end":{"line":73,"column":7}}]},"5":{"loc":{"start":{"line":79,"column":27},"end":{"line":79,"column":81}},"type":"cond-expr","locations":[{"start":{"line":79,"column":52},"end":{"line":79,"column":65}},{"start":{"line":79,"column":68},"end":{"line":79,"column":81}}]},"6":{"loc":{"start":{"line":99,"column":6},"end":{"line":103,"column":7}},"type":"if","locations":[{"start":{"line":99,"column":6},"end":{"line":103,"column":7}}]},"7":{"loc":{"start":{"line":99,"column":10},"end":{"line":99,"column":58}},"type":"binary-expr","locations":[{"start":{"line":99,"column":10},"end":{"line":99,"column":21}},{"start":{"line":99,"column":25},"end":{"line":99,"column":58}}]},"8":{"loc":{"start":{"line":107,"column":6},"end":{"line":110,"column":7}},"type":"if","locations":[{"start":{"line":107,"column":6},"end":{"line":110,"column":7}}]},"9":{"loc":{"start":{"line":114,"column":6},"end":{"line":118,"column":7}},"type":"if","locations":[{"start":{"line":114,"column":6},"end":{"line":118,"column":7}}]},"10":{"loc":{"start":{"line":125,"column":6},"end":{"line":128,"column":7}},"type":"if","locations":[{"start":{"line":125,"column":6},"end":{"line":128,"column":7}}]},"11":{"loc":{"start":{"line":147,"column":8},"end":{"line":153,"column":9}},"type":"if","locations":[{"start":{"line":147,"column":8},"end":{"line":153,"column":9}}]},"12":{"loc":{"start":{"line":169,"column":10},"end":{"line":169,"column":64}},"type":"cond-expr","locations":[{"start":{"line":169,"column":35},"end":{"line":169,"column":48}},{"start":{"line":169,"column":51},"end":{"line":169,"column":64}}]},"13":{"loc":{"start":{"line":187,"column":6},"end":{"line":193,"column":7}},"type":"if","locations":[{"start":{"line":187,"column":6},"end":{"line":193,"column":7}}]},"14":{"loc":{"start":{"line":195,"column":6},"end":{"line":202,"column":7}},"type":"if","locations":[{"start":{"line":195,"column":6},"end":{"line":202,"column":7}}]},"15":{"loc":{"start":{"line":206,"column":27},"end":{"line":206,"column":81}},"type":"cond-expr","locations":[{"start":{"line":206,"column":52},"end":{"line":206,"column":65}},{"start":{"line":206,"column":68},"end":{"line":206,"column":81}}]}},"s":{"0":0,"1":0,"2":0,"3":0,"4":0,"5":0,"6":0,"7":0,"8":0,"9":0,"10":0,"11":0,"12":0,"13":0,"14":0,"15":0,"16":0,"17":0,"18":0,"19":0,"20":0,"21":0,"22":0,"23":0,"24":0,"25":0,"26":0,"27":0,"28":0,"29":0,"30":0,"31":0,"32":0,"33":0,"34":0,"35":0,"36":0,"37":0,"38":0,"39":0,"40":0,"41":0,"42":0,"43":0,"44":0,"45":0,"46":0,"47":0,"48":0,"49":0,"50":0,"51":0,"52":0,"53":0,"54":0,"55":0,"56":0,"57":0,"58":0,"59":0,"60":0,"61":0,"62":0},"f":{"0":0,"1":0,"2":0,"3":0,"4":0},"b":{"0":[0],"1":[0,0],"2":[0],"3":[0],"4":[0],"5":[0,0],"6":[0],"7":[0,0],"8":[0],"9":[0],"10":[0],"11":[0],"12":[0,0],"13":[0],"14":[0],"15":[0,0]}}
,"D:\\code\\CodeMap\\backend\\src\\middleware\\examples.ts": {"path":"D:\\code\\CodeMap\\backend\\src\\middleware\\examples.ts","statementMap":{"0":{"start":{"line":8,"column":0},"end":{"line":8,"column":33}},"1":{"start":{"line":9,"column":0},"end":{"line":9,"column":51}},"2":{"start":{"line":10,"column":0},"end":{"line":10,"column":63}},"3":{"start":{"line":13,"column":25},"end":{"line":17,"column":1}},"4":{"start":{"line":14,"column":27},"end":{"line":14,"column":29}},"5":{"start":{"line":15,"column":2},"end":{"line":15,"column":50}},"6":{"start":{"line":15,"column":18},"end":{"line":15,"column":50}},"7":{"start":{"line":16,"column":2},"end":{"line":16,"column":50}},"8":{"start":{"line":28,"column":16},"end":{"line":28,"column":24}},"9":{"start":{"line":219,"column":2},"end":{"line":219,"column":9}},"10":{"start":{"line":29,"column":0},"end":{"line":36,"column":2}},"11":{"start":{"line":31,"column":22},"end":{"line":31,"column":64}},"12":{"start":{"line":34,"column":4},"end":{"line":34,"column":33}},"13":{"start":{"line":44,"column":16},"end":{"line":44,"column":24}},"14":{"start":{"line":220,"column":2},"end":{"line":220,"column":9}},"15":{"start":{"line":45,"column":0},"end":{"line":55,"column":2}},"16":{"start":{"line":47,"column":22},"end":{"line":47,"column":65}},"17":{"start":{"line":49,"column":4},"end":{"line":53,"column":5}},"18":{"start":{"line":50,"column":6},"end":{"line":50,"column":61}},"19":{"start":{"line":52,"column":6},"end":{"line":52,"column":47}},"20":{"start":{"line":62,"column":16},"end":{"line":62,"column":24}},"21":{"start":{"line":221,"column":2},"end":{"line":221,"column":9}},"22":{"start":{"line":63,"column":0},"end":{"line":70,"column":2}},"23":{"start":{"line":65,"column":22},"end":{"line":65,"column":64}},"24":{"start":{"line":66,"column":22},"end":{"line":66,"column":68}},"25":{"start":{"line":68,"column":4},"end":{"line":68,"column":54}},"26":{"start":{"line":77,"column":16},"end":{"line":77,"column":24}},"27":{"start":{"line":222,"column":2},"end":{"line":222,"column":9}},"28":{"start":{"line":78,"column":0},"end":{"line":85,"column":2}},"29":{"start":{"line":80,"column":22},"end":{"line":80,"column":64}},"30":{"start":{"line":83,"column":4},"end":{"line":83,"column":52}},"31":{"start":{"line":96,"column":16},"end":{"line":96,"column":24}},"32":{"start":{"line":223,"column":2},"end":{"line":223,"column":9}},"33":{"start":{"line":97,"column":0},"end":{"line":104,"column":2}},"34":{"start":{"line":102,"column":4},"end":{"line":102,"column":32}},"35":{"start":{"line":111,"column":16},"end":{"line":111,"column":24}},"36":{"start":{"line":224,"column":2},"end":{"line":224,"column":9}},"37":{"start":{"line":112,"column":0},"end":{"line":119,"column":2}},"38":{"start":{"line":117,"column":4},"end":{"line":117,"column":30}},"39":{"start":{"line":126,"column":16},"end":{"line":126,"column":24}},"40":{"start":{"line":225,"column":2},"end":{"line":225,"column":9}},"41":{"start":{"line":127,"column":0},"end":{"line":134,"column":2}},"42":{"start":{"line":132,"column":4},"end":{"line":132,"column":46}},"43":{"start":{"line":141,"column":16},"end":{"line":141,"column":24}},"44":{"start":{"line":226,"column":2},"end":{"line":226,"column":9}},"45":{"start":{"line":142,"column":0},"end":{"line":148,"column":2}},"46":{"start":{"line":146,"column":4},"end":{"line":146,"column":32}},"47":{"start":{"line":159,"column":16},"end":{"line":159,"column":24}},"48":{"start":{"line":227,"column":2},"end":{"line":227,"column":9}},"49":{"start":{"line":160,"column":0},"end":{"line":168,"column":2}},"50":{"start":{"line":162,"column":22},"end":{"line":162,"column":64}},"51":{"start":{"line":166,"column":4},"end":{"line":166,"column":48}},"52":{"start":{"line":175,"column":17},"end":{"line":175,"column":25}},"53":{"start":{"line":228,"column":2},"end":{"line":228,"column":10}},"54":{"start":{"line":176,"column":0},"end":{"line":184,"column":2}},"55":{"start":{"line":178,"column":22},"end":{"line":178,"column":64}},"56":{"start":{"line":181,"column":17},"end":{"line":181,"column":64}},"57":{"start":{"line":182,"column":4},"end":{"line":182,"column":19}}},"fnMap":{"0":{"name":"(anonymous_0)","decl":{"start":{"line":13,"column":25},"end":{"line":13,"column":26}},"loc":{"start":{"line":13,"column":39},"end":{"line":17,"column":1}}},"1":{"name":"(anonymous_1)","decl":{"start":{"line":31,"column":2},"end":{"line":31,"column":3}},"loc":{"start":{"line":31,"column":22},"end":{"line":31,"column":64}}},"2":{"name":"(anonymous_2)","decl":{"start":{"line":32,"column":2},"end":{"line":32,"column":3}},"loc":{"start":{"line":32,"column":15},"end":{"line":35,"column":3}}},"3":{"name":"(anonymous_3)","decl":{"start":{"line":47,"column":2},"end":{"line":47,"column":3}},"loc":{"start":{"line":47,"column":22},"end":{"line":47,"column":65}}},"4":{"name":"(anonymous_4)","decl":{"start":{"line":48,"column":2},"end":{"line":48,"column":3}},"loc":{"start":{"line":48,"column":15},"end":{"line":54,"column":3}}},"5":{"name":"(anonymous_5)","decl":{"start":{"line":65,"column":2},"end":{"line":65,"column":3}},"loc":{"start":{"line":65,"column":22},"end":{"line":65,"column":64}}},"6":{"name":"(anonymous_6)","decl":{"start":{"line":66,"column":2},"end":{"line":66,"column":3}},"loc":{"start":{"line":66,"column":22},"end":{"line":66,"column":68}}},"7":{"name":"(anonymous_7)","decl":{"start":{"line":67,"column":2},"end":{"line":67,"column":3}},"loc":{"start":{"line":67,"column":16},"end":{"line":69,"column":3}}},"8":{"name":"(anonymous_8)","decl":{"start":{"line":80,"column":2},"end":{"line":80,"column":3}},"loc":{"start":{"line":80,"column":22},"end":{"line":80,"column":64}}},"9":{"name":"(anonymous_9)","decl":{"start":{"line":82,"column":2},"end":{"line":82,"column":3}},"loc":{"start":{"line":82,"column":16},"end":{"line":84,"column":3}}},"10":{"name":"(anonymous_10)","decl":{"start":{"line":100,"column":2},"end":{"line":100,"column":3}},"loc":{"start":{"line":100,"column":16},"end":{"line":103,"column":3}}},"11":{"name":"(anonymous_11)","decl":{"start":{"line":115,"column":2},"end":{"line":115,"column":3}},"loc":{"start":{"line":115,"column":16},"end":{"line":118,"column":3}}},"12":{"name":"(anonymous_12)","decl":{"start":{"line":130,"column":2},"end":{"line":130,"column":3}},"loc":{"start":{"line":130,"column":15},"end":{"line":133,"column":3}}},"13":{"name":"(anonymous_13)","decl":{"start":{"line":145,"column":2},"end":{"line":145,"column":3}},"loc":{"start":{"line":145,"column":16},"end":{"line":147,"column":3}}},"14":{"name":"(anonymous_14)","decl":{"start":{"line":162,"column":2},"end":{"line":162,"column":3}},"loc":{"start":{"line":162,"column":22},"end":{"line":162,"column":64}}},"15":{"name":"(anonymous_15)","decl":{"start":{"line":165,"column":2},"end":{"line":165,"column":3}},"loc":{"start":{"line":165,"column":15},"end":{"line":167,"column":3}}},"16":{"name":"(anonymous_16)","decl":{"start":{"line":178,"column":2},"end":{"line":178,"column":3}},"loc":{"start":{"line":178,"column":22},"end":{"line":178,"column":64}}},"17":{"name":"(anonymous_17)","decl":{"start":{"line":179,"column":2},"end":{"line":179,"column":7}},"loc":{"start":{"line":179,"column":21},"end":{"line":183,"column":3}}}},"branchMap":{"0":{"loc":{"start":{"line":15,"column":2},"end":{"line":15,"column":50}},"type":"if","locations":[{"start":{"line":15,"column":2},"end":{"line":15,"column":50}}]},"1":{"loc":{"start":{"line":49,"column":4},"end":{"line":53,"column":5}},"type":"if","locations":[{"start":{"line":49,"column":4},"end":{"line":53,"column":5}},{"start":{"line":51,"column":11},"end":{"line":53,"column":5}}]}},"s":{"0":0,"1":0,"2":0,"3":0,"4":0,"5":0,"6":0,"7":0,"8":0,"9":0,"10":0,"11":0,"12":0,"13":0,"14":0,"15":0,"16":0,"17":0,"18":0,"19":0,"20":0,"21":0,"22":0,"23":0,"24":0,"25":0,"26":0,"27":0,"28":0,"29":0,"30":0,"31":0,"32":0,"33":0,"34":0,"35":0,"36":0,"37":0,"38":0,"39":0,"40":0,"41":0,"42":0,"43":0,"44":0,"45":0,"46":0,"47":0,"48":0,"49":0,"50":0,"51":0,"52":0,"53":0,"54":0,"55":0,"56":0,"57":0},"f":{"0":0,"1":0,"2":0,"3":0,"4":0,"5":0,"6":0,"7":0,"8":0,"9":0,"10":0,"11":0,"12":0,"13":0,"14":0,"15":0,"16":0,"17":0},"b":{"0":[0],"1":[0,0]}}
,"D:\\code\\CodeMap\\backend\\src\\middleware\\validation.middleware.ts": {"path":"D:\\code\\CodeMap\\backend\\src\\middleware\\validation.middleware.ts","statementMap":{"0":{"start":{"line":12,"column":4},"end":{"line":33,"column":6}},"1":{"start":{"line":13,"column":6},"end":{"line":32,"column":7}},"2":{"start":{"line":14,"column":27},"end":{"line":14,"column":46}},"3":{"start":{"line":16,"column":8},"end":{"line":22,"column":9}},"4":{"start":{"line":17,"column":10},"end":{"line":20,"column":13}},"5":{"start":{"line":21,"column":10},"end":{"line":21,"column":17}},"6":{"start":{"line":24,"column":8},"end":{"line":24,"column":15}},"7":{"start":{"line":27,"column":10},"end":{"line":27,"column":64}},"8":{"start":{"line":28,"column":8},"end":{"line":31,"column":11}},"9":{"start":{"line":40,"column":4},"end":{"line":61,"column":6}},"10":{"start":{"line":41,"column":6},"end":{"line":60,"column":7}},"11":{"start":{"line":42,"column":27},"end":{"line":42,"column":47}},"12":{"start":{"line":44,"column":8},"end":{"line":50,"column":9}},"13":{"start":{"line":45,"column":10},"end":{"line":48,"column":13}},"14":{"start":{"line":49,"column":10},"end":{"line":49,"column":17}},"15":{"start":{"line":52,"column":8},"end":{"line":52,"column":15}},"16":{"start":{"line":55,"column":10},"end":{"line":55,"column":64}},"17":{"start":{"line":56,"column":8},"end":{"line":59,"column":11}},"18":{"start":{"line":68,"column":4},"end":{"line":89,"column":6}},"19":{"start":{"line":69,"column":6},"end":{"line":88,"column":7}},"20":{"start":{"line":70,"column":27},"end":{"line":70,"column":48}},"21":{"start":{"line":72,"column":8},"end":{"line":78,"column":9}},"22":{"start":{"line":73,"column":10},"end":{"line":76,"column":13}},"23":{"start":{"line":77,"column":10},"end":{"line":77,"column":17}},"24":{"start":{"line":80,"column":8},"end":{"line":80,"column":15}},"25":{"start":{"line":83,"column":10},"end":{"line":83,"column":64}},"26":{"start":{"line":84,"column":8},"end":{"line":87,"column":11}},"27":{"start":{"line":96,"column":4},"end":{"line":107,"column":5}},"28":{"start":{"line":97,"column":6},"end":{"line":99,"column":7}},"29":{"start":{"line":98,"column":8},"end":{"line":98,"column":49}},"30":{"start":{"line":100,"column":6},"end":{"line":100,"column":13}},"31":{"start":{"line":102,"column":27},"end":{"line":102,"column":81}},"32":{"start":{"line":103,"column":6},"end":{"line":106,"column":9}},"33":{"start":{"line":114,"column":4},"end":{"line":116,"column":5}},"34":{"start":{"line":115,"column":6},"end":{"line":115,"column":17}},"35":{"start":{"line":118,"column":4},"end":{"line":120,"column":5}},"36":{"start":{"line":119,"column":6},"end":{"line":119,"column":58}},"37":{"start":{"line":119,"column":31},"end":{"line":119,"column":56}},"38":{"start":{"line":122,"column":27},"end":{"line":122,"column":29}},"39":{"start":{"line":123,"column":4},"end":{"line":131,"column":5}},"40":{"start":{"line":124,"column":6},"end":{"line":130,"column":7}},"41":{"start":{"line":126,"column":8},"end":{"line":128,"column":9}},"42":{"start":{"line":127,"column":10},"end":{"line":127,"column":19}},"43":{"start":{"line":129,"column":8},"end":{"line":129,"column":55}},"44":{"start":{"line":133,"column":4},"end":{"line":133,"column":21}},"45":{"start":{"line":7,"column":0},"end":{"line":7,"column":13}},"46":{"start":{"line":137,"column":13},"end":{"line":137,"column":63}}},"fnMap":{"0":{"name":"(anonymous_0)","decl":{"start":{"line":11,"column":2},"end":{"line":11,"column":14}},"loc":{"start":{"line":11,"column":44},"end":{"line":34,"column":3}}},"1":{"name":"(anonymous_1)","decl":{"start":{"line":12,"column":11},"end":{"line":12,"column":12}},"loc":{"start":{"line":12,"column":69},"end":{"line":33,"column":5}}},"2":{"name":"(anonymous_2)","decl":{"start":{"line":39,"column":2},"end":{"line":39,"column":15}},"loc":{"start":{"line":39,"column":45},"end":{"line":62,"column":3}}},"3":{"name":"(anonymous_3)","decl":{"start":{"line":40,"column":11},"end":{"line":40,"column":12}},"loc":{"start":{"line":40,"column":69},"end":{"line":61,"column":5}}},"4":{"name":"(anonymous_4)","decl":{"start":{"line":67,"column":2},"end":{"line":67,"column":16}},"loc":{"start":{"line":67,"column":46},"end":{"line":90,"column":3}}},"5":{"name":"(anonymous_5)","decl":{"start":{"line":68,"column":11},"end":{"line":68,"column":12}},"loc":{"start":{"line":68,"column":69},"end":{"line":89,"column":5}}},"6":{"name":"(anonymous_6)","decl":{"start":{"line":95,"column":2},"end":{"line":95,"column":14}},"loc":{"start":{"line":95,"column":62},"end":{"line":108,"column":3}}},"7":{"name":"(anonymous_7)","decl":{"start":{"line":113,"column":10},"end":{"line":113,"column":24}},"loc":{"start":{"line":113,"column":33},"end":{"line":134,"column":3}}},"8":{"name":"(anonymous_8)","decl":{"start":{"line":119,"column":21},"end":{"line":119,"column":22}},"loc":{"start":{"line":119,"column":31},"end":{"line":119,"column":56}}}},"branchMap":{"0":{"loc":{"start":{"line":16,"column":8},"end":{"line":22,"column":9}},"type":"if","locations":[{"start":{"line":16,"column":8},"end":{"line":22,"column":9}}]},"1":{"loc":{"start":{"line":27,"column":10},"end":{"line":27,"column":64}},"type":"cond-expr","locations":[{"start":{"line":27,"column":35},"end":{"line":27,"column":48}},{"start":{"line":27,"column":51},"end":{"line":27,"column":64}}]},"2":{"loc":{"start":{"line":44,"column":8},"end":{"line":50,"column":9}},"type":"if","locations":[{"start":{"line":44,"column":8},"end":{"line":50,"column":9}}]},"3":{"loc":{"start":{"line":55,"column":10},"end":{"line":55,"column":64}},"type":"cond-expr","locations":[{"start":{"line":55,"column":35},"end":{"line":55,"column":48}},{"start":{"line":55,"column":51},"end":{"line":55,"column":64}}]},"4":{"loc":{"start":{"line":72,"column":8},"end":{"line":78,"column":9}},"type":"if","locations":[{"start":{"line":72,"column":8},"end":{"line":78,"column":9}}]},"5":{"loc":{"start":{"line":83,"column":10},"end":{"line":83,"column":64}},"type":"cond-expr","locations":[{"start":{"line":83,"column":35},"end":{"line":83,"column":48}},{"start":{"line":83,"column":51},"end":{"line":83,"column":64}}]},"6":{"loc":{"start":{"line":97,"column":6},"end":{"line":99,"column":7}},"type":"if","locations":[{"start":{"line":97,"column":6},"end":{"line":99,"column":7}}]},"7":{"loc":{"start":{"line":97,"column":10},"end":{"line":97,"column":50}},"type":"binary-expr","locations":[{"start":{"line":97,"column":10},"end":{"line":97,"column":18}},{"start":{"line":97,"column":22},"end":{"line":97,"column":50}}]},"8":{"loc":{"start":{"line":102,"column":27},"end":{"line":102,"column":81}},"type":"cond-expr","locations":[{"start":{"line":102,"column":52},"end":{"line":102,"column":65}},{"start":{"line":102,"column":68},"end":{"line":102,"column":81}}]},"9":{"loc":{"start":{"line":114,"column":4},"end":{"line":116,"column":5}},"type":"if","locations":[{"start":{"line":114,"column":4},"end":{"line":116,"column":5}}]},"10":{"loc":{"start":{"line":114,"column":8},"end":{"line":114,"column":47}},"type":"binary-expr","locations":[{"start":{"line":114,"column":8},"end":{"line":114,"column":31}},{"start":{"line":114,"column":35},"end":{"line":114,"column":47}}]},"11":{"loc":{"start":{"line":118,"column":4},"end":{"line":120,"column":5}},"type":"if","locations":[{"start":{"line":118,"column":4},"end":{"line":120,"column":5}}]},"12":{"loc":{"start":{"line":124,"column":6},"end":{"line":130,"column":7}},"type":"if","locations":[{"start":{"line":124,"column":6},"end":{"line":130,"column":7}}]},"13":{"loc":{"start":{"line":126,"column":8},"end":{"line":128,"column":9}},"type":"if","locations":[{"start":{"line":126,"column":8},"end":{"line":128,"column":9}}]},"14":{"loc":{"start":{"line":126,"column":12},"end":{"line":126,"column":54}},"type":"binary-expr","locations":[{"start":{"line":126,"column":12},"end":{"line":126,"column":31}},{"start":{"line":126,"column":35},"end":{"line":126,"column":54}}]}},"s":{"0":0,"1":0,"2":0,"3":0,"4":0,"5":0,"6":0,"7":0,"8":0,"9":0,"10":0,"11":0,"12":0,"13":0,"14":0,"15":0,"16":0,"17":0,"18":0,"19":0,"20":0,"21":0,"22":0,"23":0,"24":0,"25":0,"26":0,"27":0,"28":0,"29":0,"30":0,"31":0,"32":0,"33":0,"34":0,"35":0,"36":0,"37":0,"38":0,"39":0,"40":0,"41":0,"42":0,"43":0,"44":0,"45":0,"46":0},"f":{"0":0,"1":0,"2":0,"3":0,"4":0,"5":0,"6":0,"7":0,"8":0},"b":{"0":[0],"1":[0,0],"2":[0],"3":[0,0],"4":[0],"5":[0,0],"6":[0],"7":[0,0],"8":[0,0],"9":[0],"10":[0,0],"11":[0],"12":[0],"13":[0],"14":[0,0]}}
,"D:\\code\\CodeMap\\backend\\src\\modules\\auth\\auth.controller.ts": {"path":"D:\\code\\CodeMap\\backend\\src\\modules\\auth\\auth.controller.ts","statementMap":{"0":{"start":{"line":2,"column":0},"end":{"line":2,"column":32}},"1":{"start":{"line":3,"column":0},"end":{"line":3,"column":45}},"2":{"start":{"line":4,"column":0},"end":{"line":4,"column":49}},"3":{"start":{"line":5,"column":0},"end":{"line":5,"column":43}},"4":{"start":{"line":6,"column":0},"end":{"line":6,"column":57}},"5":{"start":{"line":7,"column":0},"end":{"line":7,"column":47}},"6":{"start":{"line":12,"column":20},"end":{"line":16,"column":6}},"7":{"start":{"line":18,"column":30},"end":{"line":18,"column":66}},"8":{"start":{"line":19,"column":31},"end":{"line":19,"column":68}},"9":{"start":{"line":21,"column":4},"end":{"line":23,"column":5}},"10":{"start":{"line":22,"column":6},"end":{"line":22,"column":64}},"11":{"start":{"line":25,"column":4},"end":{"line":27,"column":5}},"12":{"start":{"line":26,"column":6},"end":{"line":26,"column":65}},"13":{"start":{"line":29,"column":4},"end":{"line":33,"column":6}},"14":{"start":{"line":37,"column":23},"end":{"line":37,"column":53}},"15":{"start":{"line":39,"column":4},"end":{"line":45,"column":5}},"16":{"start":{"line":40,"column":6},"end":{"line":43,"column":9}},"17":{"start":{"line":44,"column":6},"end":{"line":44,"column":13}},"18":{"start":{"line":47,"column":16},"end":{"line":50,"column":null}},"19":{"start":{"line":54,"column":23},"end":{"line":54,"column":73}},"20":{"start":{"line":55,"column":4},"end":{"line":61,"column":5}},"21":{"start":{"line":56,"column":6},"end":{"line":59,"column":9}},"22":{"start":{"line":60,"column":6},"end":{"line":60,"column":13}},"23":{"start":{"line":63,"column":19},"end":{"line":63,"column":68}},"24":{"start":{"line":65,"column":4},"end":{"line":105,"column":6}},"25":{"start":{"line":68,"column":29},"end":{"line":68,"column":61}},"26":{"start":{"line":70,"column":8},"end":{"line":76,"column":9}},"27":{"start":{"line":71,"column":10},"end":{"line":74,"column":13}},"28":{"start":{"line":75,"column":10},"end":{"line":75,"column":17}},"29":{"start":{"line":79,"column":8},"end":{"line":82,"column":10}},"30":{"start":{"line":84,"column":8},"end":{"line":97,"column":11}},"31":{"start":{"line":100,"column":8},"end":{"line":103,"column":11}},"32":{"start":{"line":109,"column":23},"end":{"line":109,"column":50}},"33":{"start":{"line":111,"column":4},"end":{"line":117,"column":5}},"34":{"start":{"line":112,"column":6},"end":{"line":115,"column":9}},"35":{"start":{"line":116,"column":6},"end":{"line":116,"column":13}},"36":{"start":{"line":119,"column":16},"end":{"line":119,"column":63}},"37":{"start":{"line":120,"column":19},"end":{"line":120,"column":47}},"38":{"start":{"line":122,"column":4},"end":{"line":192,"column":6}},"39":{"start":{"line":125,"column":8},"end":{"line":131,"column":9}},"40":{"start":{"line":126,"column":10},"end":{"line":129,"column":13}},"41":{"start":{"line":130,"column":10},"end":{"line":130,"column":17}},"42":{"start":{"line":133,"column":30},"end":{"line":135,"column":null}},"43":{"start":{"line":138,"column":8},"end":{"line":144,"column":9}},"44":{"start":{"line":139,"column":10},"end":{"line":142,"column":13}},"45":{"start":{"line":143,"column":10},"end":{"line":143,"column":17}},"46":{"start":{"line":146,"column":8},"end":{"line":152,"column":9}},"47":{"start":{"line":147,"column":10},"end":{"line":150,"column":13}},"48":{"start":{"line":151,"column":10},"end":{"line":151,"column":17}},"49":{"start":{"line":155,"column":29},"end":{"line":155,"column":61}},"50":{"start":{"line":157,"column":8},"end":{"line":163,"column":9}},"51":{"start":{"line":158,"column":10},"end":{"line":161,"column":13}},"52":{"start":{"line":162,"column":10},"end":{"line":162,"column":17}},"53":{"start":{"line":166,"column":8},"end":{"line":169,"column":10}},"54":{"start":{"line":171,"column":8},"end":{"line":184,"column":11}},"55":{"start":{"line":187,"column":8},"end":{"line":190,"column":11}},"56":{"start":{"line":196,"column":23},"end":{"line":196,"column":48}},"57":{"start":{"line":197,"column":18},"end":{"line":197,"column":56}},"58":{"start":{"line":199,"column":4},"end":{"line":205,"column":5}},"59":{"start":{"line":200,"column":6},"end":{"line":203,"column":9}},"60":{"start":{"line":204,"column":6},"end":{"line":204,"column":13}},"61":{"start":{"line":208,"column":25},"end":{"line":208,"column":57}},"62":{"start":{"line":210,"column":4},"end":{"line":227,"column":6}},"63":{"start":{"line":213,"column":8},"end":{"line":213,"column":67}},"64":{"start":{"line":215,"column":8},"end":{"line":218,"column":11}},"65":{"start":{"line":222,"column":8},"end":{"line":225,"column":11}},"66":{"start":{"line":231,"column":4},"end":{"line":233,"column":17}},"67":{"start":{"line":237,"column":4},"end":{"line":274,"column":17}},"68":{"start":{"line":238,"column":6},"end":{"line":244,"column":7}},"69":{"start":{"line":239,"column":8},"end":{"line":242,"column":11}},"70":{"start":{"line":243,"column":8},"end":{"line":243,"column":15}},"71":{"start":{"line":247,"column":27},"end":{"line":247,"column":59}},"72":{"start":{"line":249,"column":6},"end":{"line":255,"column":7}},"73":{"start":{"line":250,"column":8},"end":{"line":253,"column":11}},"74":{"start":{"line":254,"column":8},"end":{"line":254,"column":15}},"75":{"start":{"line":258,"column":6},"end":{"line":258,"column":80}},"76":{"start":{"line":260,"column":6},"end":{"line":273,"column":9}},"77":{"start":{"line":278,"column":4},"end":{"line":280,"column":17}},"78":{"start":{"line":284,"column":4},"end":{"line":321,"column":17}},"79":{"start":{"line":285,"column":6},"end":{"line":291,"column":7}},"80":{"start":{"line":286,"column":8},"end":{"line":289,"column":11}},"81":{"start":{"line":290,"column":8},"end":{"line":290,"column":15}},"82":{"start":{"line":294,"column":27},"end":{"line":294,"column":59}},"83":{"start":{"line":296,"column":6},"end":{"line":302,"column":7}},"84":{"start":{"line":297,"column":8},"end":{"line":300,"column":11}},"85":{"start":{"line":301,"column":8},"end":{"line":301,"column":15}},"86":{"start":{"line":305,"column":6},"end":{"line":305,"column":80}},"87":{"start":{"line":307,"column":6},"end":{"line":320,"column":9}},"88":{"start":{"line":325,"column":19},"end":{"line":325,"column":54}},"89":{"start":{"line":327,"column":4},"end":{"line":366,"column":6}},"90":{"start":{"line":330,"column":29},"end":{"line":330,"column":61}},"91":{"start":{"line":332,"column":8},"end":{"line":338,"column":9}},"92":{"start":{"line":333,"column":10},"end":{"line":336,"column":13}},"93":{"start":{"line":337,"column":10},"end":{"line":337,"column":17}},"94":{"start":{"line":341,"column":8},"end":{"line":344,"column":10}},"95":{"start":{"line":346,"column":8},"end":{"line":358,"column":11}},"96":{"start":{"line":361,"column":8},"end":{"line":364,"column":11}},"97":{"start":{"line":370,"column":29},"end":{"line":370,"column":37}},"98":{"start":{"line":372,"column":4},"end":{"line":378,"column":5}},"99":{"start":{"line":373,"column":6},"end":{"line":376,"column":9}},"100":{"start":{"line":377,"column":6},"end":{"line":377,"column":13}},"101":{"start":{"line":381,"column":25},"end":{"line":381,"column":65}},"102":{"start":{"line":383,"column":4},"end":{"line":389,"column":5}},"103":{"start":{"line":384,"column":6},"end":{"line":387,"column":9}},"104":{"start":{"line":388,"column":6},"end":{"line":388,"column":13}},"105":{"start":{"line":392,"column":23},"end":{"line":392,"column":73}},"106":{"start":{"line":394,"column":4},"end":{"line":400,"column":5}},"107":{"start":{"line":395,"column":6},"end":{"line":398,"column":9}},"108":{"start":{"line":399,"column":6},"end":{"line":399,"column":13}},"109":{"start":{"line":402,"column":17},"end":{"line":402,"column":33}},"110":{"start":{"line":405,"column":25},"end":{"line":405,"column":57}},"111":{"start":{"line":407,"column":4},"end":{"line":413,"column":5}},"112":{"start":{"line":408,"column":6},"end":{"line":411,"column":9}},"113":{"start":{"line":412,"column":6},"end":{"line":412,"column":13}},"114":{"start":{"line":416,"column":4},"end":{"line":416,"column":78}},"115":{"start":{"line":418,"column":4},"end":{"line":425,"column":7}},"116":{"start":{"line":10,"column":0},"end":{"line":10,"column":13}},"117":{"start":{"line":429,"column":13},"end":{"line":429,"column":51}}},"fnMap":{"0":{"name":"(anonymous_1)","decl":{"start":{"line":11,"column":10},"end":{"line":11,"column":31}},"loc":{"start":{"line":11,"column":42},"end":{"line":34,"column":3}}},"1":{"name":"(anonymous_2)","decl":{"start":{"line":36,"column":2},"end":{"line":36,"column":7}},"loc":{"start":{"line":36,"column":44},"end":{"line":106,"column":3}}},"2":{"name":"(anonymous_3)","decl":{"start":{"line":66,"column":6},"end":{"line":66,"column":11}},"loc":{"start":{"line":66,"column":21},"end":{"line":98,"column":7}}},"3":{"name":"(anonymous_4)","decl":{"start":{"line":99,"column":6},"end":{"line":99,"column":7}},"loc":{"start":{"line":99,"column":16},"end":{"line":104,"column":7}}},"4":{"name":"(anonymous_5)","decl":{"start":{"line":108,"column":2},"end":{"line":108,"column":7}},"loc":{"start":{"line":108,"column":41},"end":{"line":193,"column":3}}},"5":{"name":"(anonymous_6)","decl":{"start":{"line":123,"column":6},"end":{"line":123,"column":11}},"loc":{"start":{"line":123,"column":21},"end":{"line":185,"column":7}}},"6":{"name":"(anonymous_7)","decl":{"start":{"line":186,"column":6},"end":{"line":186,"column":7}},"loc":{"start":{"line":186,"column":16},"end":{"line":191,"column":7}}},"7":{"name":"(anonymous_8)","decl":{"start":{"line":195,"column":2},"end":{"line":195,"column":7}},"loc":{"start":{"line":195,"column":42},"end":{"line":228,"column":3}}},"8":{"name":"(anonymous_9)","decl":{"start":{"line":211,"column":6},"end":{"line":211,"column":11}},"loc":{"start":{"line":211,"column":24},"end":{"line":219,"column":7}}},"9":{"name":"(anonymous_10)","decl":{"start":{"line":220,"column":6},"end":{"line":220,"column":7}},"loc":{"start":{"line":220,"column":17},"end":{"line":226,"column":7}}},"10":{"name":"(anonymous_11)","decl":{"start":{"line":230,"column":2},"end":{"line":230,"column":12}},"loc":{"start":{"line":230,"column":40},"end":{"line":234,"column":3}}},"11":{"name":"(anonymous_12)","decl":{"start":{"line":236,"column":2},"end":{"line":236,"column":7}},"loc":{"start":{"line":236,"column":50},"end":{"line":275,"column":3}}},"12":{"name":"(anonymous_13)","decl":{"start":{"line":237,"column":56},"end":{"line":237,"column":61}},"loc":{"start":{"line":237,"column":86},"end":{"line":274,"column":5}}},"13":{"name":"(anonymous_14)","decl":{"start":{"line":277,"column":2},"end":{"line":277,"column":12}},"loc":{"start":{"line":277,"column":40},"end":{"line":281,"column":3}}},"14":{"name":"(anonymous_15)","decl":{"start":{"line":283,"column":2},"end":{"line":283,"column":7}},"loc":{"start":{"line":283,"column":50},"end":{"line":322,"column":3}}},"15":{"name":"(anonymous_16)","decl":{"start":{"line":284,"column":56},"end":{"line":284,"column":61}},"loc":{"start":{"line":284,"column":86},"end":{"line":321,"column":5}}},"16":{"name":"(anonymous_17)","decl":{"start":{"line":324,"column":2},"end":{"line":324,"column":7}},"loc":{"start":{"line":324,"column":47},"end":{"line":367,"column":3}}},"17":{"name":"(anonymous_18)","decl":{"start":{"line":328,"column":6},"end":{"line":328,"column":11}},"loc":{"start":{"line":328,"column":21},"end":{"line":359,"column":7}}},"18":{"name":"(anonymous_19)","decl":{"start":{"line":360,"column":6},"end":{"line":360,"column":7}},"loc":{"start":{"line":360,"column":16},"end":{"line":365,"column":7}}},"19":{"name":"(anonymous_20)","decl":{"start":{"line":369,"column":2},"end":{"line":369,"column":7}},"loc":{"start":{"line":369,"column":48},"end":{"line":426,"column":3}}}},"branchMap":{"0":{"loc":{"start":{"line":21,"column":4},"end":{"line":23,"column":5}},"type":"if","locations":[{"start":{"line":21,"column":4},"end":{"line":23,"column":5}}]},"1":{"loc":{"start":{"line":25,"column":4},"end":{"line":27,"column":5}},"type":"if","locations":[{"start":{"line":25,"column":4},"end":{"line":27,"column":5}}]},"2":{"loc":{"start":{"line":39,"column":4},"end":{"line":45,"column":5}},"type":"if","locations":[{"start":{"line":39,"column":4},"end":{"line":45,"column":5}}]},"3":{"loc":{"start":{"line":55,"column":4},"end":{"line":61,"column":5}},"type":"if","locations":[{"start":{"line":55,"column":4},"end":{"line":61,"column":5}}]},"4":{"loc":{"start":{"line":70,"column":8},"end":{"line":76,"column":9}},"type":"if","locations":[{"start":{"line":70,"column":8},"end":{"line":76,"column":9}}]},"5":{"loc":{"start":{"line":111,"column":4},"end":{"line":117,"column":5}},"type":"if","locations":[{"start":{"line":111,"column":4},"end":{"line":117,"column":5}}]},"6":{"loc":{"start":{"line":125,"column":8},"end":{"line":131,"column":9}},"type":"if","locations":[{"start":{"line":125,"column":8},"end":{"line":131,"column":9}}]},"7":{"loc":{"start":{"line":138,"column":8},"end":{"line":144,"column":9}},"type":"if","locations":[{"start":{"line":138,"column":8},"end":{"line":144,"column":9}}]},"8":{"loc":{"start":{"line":146,"column":8},"end":{"line":152,"column":9}},"type":"if","locations":[{"start":{"line":146,"column":8},"end":{"line":152,"column":9}}]},"9":{"loc":{"start":{"line":157,"column":8},"end":{"line":163,"column":9}},"type":"if","locations":[{"start":{"line":157,"column":8},"end":{"line":163,"column":9}}]},"10":{"loc":{"start":{"line":197,"column":18},"end":{"line":197,"column":56}},"type":"binary-expr","locations":[{"start":{"line":197,"column":18},"end":{"line":197,"column":28}},{"start":{"line":197,"column":32},"end":{"line":197,"column":56}}]},"11":{"loc":{"start":{"line":199,"column":4},"end":{"line":205,"column":5}},"type":"if","locations":[{"start":{"line":199,"column":4},"end":{"line":205,"column":5}}]},"12":{"loc":{"start":{"line":238,"column":6},"end":{"line":244,"column":7}},"type":"if","locations":[{"start":{"line":238,"column":6},"end":{"line":244,"column":7}}]},"13":{"loc":{"start":{"line":238,"column":10},"end":{"line":238,"column":22}},"type":"binary-expr","locations":[{"start":{"line":238,"column":10},"end":{"line":238,"column":13}},{"start":{"line":238,"column":17},"end":{"line":238,"column":22}}]},"14":{"loc":{"start":{"line":241,"column":17},"end":{"line":241,"column":63}},"type":"binary-expr","locations":[{"start":{"line":241,"column":17},"end":{"line":241,"column":29}},{"start":{"line":241,"column":33},"end":{"line":241,"column":63}}]},"15":{"loc":{"start":{"line":249,"column":6},"end":{"line":255,"column":7}},"type":"if","locations":[{"start":{"line":249,"column":6},"end":{"line":255,"column":7}}]},"16":{"loc":{"start":{"line":285,"column":6},"end":{"line":291,"column":7}},"type":"if","locations":[{"start":{"line":285,"column":6},"end":{"line":291,"column":7}}]},"17":{"loc":{"start":{"line":285,"column":10},"end":{"line":285,"column":22}},"type":"binary-expr","locations":[{"start":{"line":285,"column":10},"end":{"line":285,"column":13}},{"start":{"line":285,"column":17},"end":{"line":285,"column":22}}]},"18":{"loc":{"start":{"line":288,"column":17},"end":{"line":288,"column":63}},"type":"binary-expr","locations":[{"start":{"line":288,"column":17},"end":{"line":288,"column":29}},{"start":{"line":288,"column":33},"end":{"line":288,"column":63}}]},"19":{"loc":{"start":{"line":296,"column":6},"end":{"line":302,"column":7}},"type":"if","locations":[{"start":{"line":296,"column":6},"end":{"line":302,"column":7}}]},"20":{"loc":{"start":{"line":332,"column":8},"end":{"line":338,"column":9}},"type":"if","locations":[{"start":{"line":332,"column":8},"end":{"line":338,"column":9}}]},"21":{"loc":{"start":{"line":372,"column":4},"end":{"line":378,"column":5}},"type":"if","locations":[{"start":{"line":372,"column":4},"end":{"line":378,"column":5}}]},"22":{"loc":{"start":{"line":372,"column":8},"end":{"line":372,"column":57}},"type":"binary-expr","locations":[{"start":{"line":372,"column":8},"end":{"line":372,"column":21}},{"start":{"line":372,"column":25},"end":{"line":372,"column":57}}]},"23":{"loc":{"start":{"line":383,"column":4},"end":{"line":389,"column":5}},"type":"if","locations":[{"start":{"line":383,"column":4},"end":{"line":389,"column":5}}]},"24":{"loc":{"start":{"line":394,"column":4},"end":{"line":400,"column":5}},"type":"if","locations":[{"start":{"line":394,"column":4},"end":{"line":400,"column":5}}]},"25":{"loc":{"start":{"line":407,"column":4},"end":{"line":413,"column":5}},"type":"if","locations":[{"start":{"line":407,"column":4},"end":{"line":413,"column":5}}]}},"s":{"0":0,"1":0,"2":0,"3":0,"4":0,"5":0,"6":0,"7":0,"8":0,"9":0,"10":0,"11":0,"12":0,"13":0,"14":0,"15":0,"16":0,"17":0,"18":0,"19":0,"20":0,"21":0,"22":0,"23":0,"24":0,"25":0,"26":0,"27":0,"28":0,"29":0,"30":0,"31":0,"32":0,"33":0,"34":0,"35":0,"36":0,"37":0,"38":0,"39":0,"40":0,"41":0,"42":0,"43":0,"44":0,"45":0,"46":0,"47":0,"48":0,"49":0,"50":0,"51":0,"52":0,"53":0,"54":0,"55":0,"56":0,"57":0,"58":0,"59":0,"60":0,"61":0,"62":0,"63":0,"64":0,"65":0,"66":0,"67":0,"68":0,"69":0,"70":0,"71":0,"72":0,"73":0,"74":0,"75":0,"76":0,"77":0,"78":0,"79":0,"80":0,"81":0,"82":0,"83":0,"84":0,"85":0,"86":0,"87":0,"88":0,"89":0,"90":0,"91":0,"92":0,"93":0,"94":0,"95":0,"96":0,"97":0,"98":0,"99":0,"100":0,"101":0,"102":0,"103":0,"104":0,"105":0,"106":0,"107":0,"108":0,"109":0,"110":0,"111":0,"112":0,"113":0,"114":0,"115":0,"116":0,"117":0},"f":{"0":0,"1":0,"2":0,"3":0,"4":0,"5":0,"6":0,"7":0,"8":0,"9":0,"10":0,"11":0,"12":0,"13":0,"14":0,"15":0,"16":0,"17":0,"18":0,"19":0},"b":{"0":[0],"1":[0],"2":[0],"3":[0],"4":[0],"5":[0],"6":[0],"7":[0],"8":[0],"9":[0],"10":[0,0],"11":[0],"12":[0],"13":[0,0],"14":[0,0],"15":[0],"16":[0],"17":[0,0],"18":[0,0],"19":[0],"20":[0],"21":[0],"22":[0,0],"23":[0],"24":[0],"25":[0]}}
,"D:\\code\\CodeMap\\backend\\src\\modules\\auth\\auth.routes.ts": {"path":"D:\\code\\CodeMap\\backend\\src\\modules\\auth\\auth.routes.ts","statementMap":{"0":{"start":{"line":1,"column":0},"end":{"line":1,"column":33}},"1":{"start":{"line":2,"column":0},"end":{"line":2,"column":51}},"2":{"start":{"line":3,"column":0},"end":{"line":3,"column":78}},"3":{"start":{"line":4,"column":0},"end":{"line":4,"column":49}},"4":{"start":{"line":5,"column":0},"end":{"line":5,"column":43}},"5":{"start":{"line":7,"column":15},"end":{"line":7,"column":23}},"6":{"start":{"line":10,"column":0},"end":{"line":14,"column":2}},"7":{"start":{"line":13,"column":16},"end":{"line":13,"column":49}},"8":{"start":{"line":15,"column":0},"end":{"line":19,"column":2}},"9":{"start":{"line":18,"column":16},"end":{"line":18,"column":46}},"10":{"start":{"line":20,"column":0},"end":{"line":20,"column":70}},"11":{"start":{"line":20,"column":37},"end":{"line":20,"column":68}},"12":{"start":{"line":23,"column":0},"end":{"line":23,"column":73}},"13":{"start":{"line":23,"column":36},"end":{"line":23,"column":71}},"14":{"start":{"line":24,"column":0},"end":{"line":26,"column":2}},"15":{"start":{"line":25,"column":2},"end":{"line":25,"column":41}},"16":{"start":{"line":27,"column":0},"end":{"line":27,"column":73}},"17":{"start":{"line":27,"column":36},"end":{"line":27,"column":71}},"18":{"start":{"line":28,"column":0},"end":{"line":30,"column":2}},"19":{"start":{"line":29,"column":2},"end":{"line":29,"column":41}},"20":{"start":{"line":33,"column":0},"end":{"line":33,"column":73}},"21":{"start":{"line":33,"column":36},"end":{"line":33,"column":71}},"22":{"start":{"line":36,"column":0},"end":{"line":36,"column":77}},"23":{"start":{"line":36,"column":38},"end":{"line":36,"column":75}},"24":{"start":{"line":38,"column":0},"end":{"line":38,"column":22}}},"fnMap":{"0":{"name":"(anonymous_0)","decl":{"start":{"line":13,"column":2},"end":{"line":13,"column":3}},"loc":{"start":{"line":13,"column":16},"end":{"line":13,"column":49}}},"1":{"name":"(anonymous_1)","decl":{"start":{"line":18,"column":2},"end":{"line":18,"column":3}},"loc":{"start":{"line":18,"column":16},"end":{"line":18,"column":46}}},"2":{"name":"(anonymous_2)","decl":{"start":{"line":20,"column":23},"end":{"line":20,"column":24}},"loc":{"start":{"line":20,"column":37},"end":{"line":20,"column":68}}},"3":{"name":"(anonymous_3)","decl":{"start":{"line":23,"column":22},"end":{"line":23,"column":23}},"loc":{"start":{"line":23,"column":36},"end":{"line":23,"column":71}}},"4":{"name":"(anonymous_4)","decl":{"start":{"line":24,"column":31},"end":{"line":24,"column":32}},"loc":{"start":{"line":25,"column":2},"end":{"line":25,"column":41}}},"5":{"name":"(anonymous_5)","decl":{"start":{"line":27,"column":22},"end":{"line":27,"column":23}},"loc":{"start":{"line":27,"column":36},"end":{"line":27,"column":71}}},"6":{"name":"(anonymous_6)","decl":{"start":{"line":28,"column":31},"end":{"line":28,"column":32}},"loc":{"start":{"line":29,"column":2},"end":{"line":29,"column":41}}},"7":{"name":"(anonymous_7)","decl":{"start":{"line":33,"column":22},"end":{"line":33,"column":23}},"loc":{"start":{"line":33,"column":36},"end":{"line":33,"column":71}}},"8":{"name":"(anonymous_8)","decl":{"start":{"line":36,"column":24},"end":{"line":36,"column":25}},"loc":{"start":{"line":36,"column":38},"end":{"line":36,"column":75}}}},"branchMap":{},"s":{"0":0,"1":0,"2":0,"3":0,"4":0,"5":0,"6":0,"7":0,"8":0,"9":0,"10":0,"11":0,"12":0,"13":0,"14":0,"15":0,"16":0,"17":0,"18":0,"19":0,"20":0,"21":0,"22":0,"23":0,"24":0},"f":{"0":0,"1":0,"2":0,"3":0,"4":0,"5":0,"6":0,"7":0,"8":0},"b":{}}
,"D:\\code\\CodeMap\\backend\\src\\modules\\auth\\auth.service.ts": {"path":"D:\\code\\CodeMap\\backend\\src\\modules\\auth\\auth.service.ts","statementMap":{"0":{"start":{"line":2,"column":0},"end":{"line":2,"column":57}},"1":{"start":{"line":3,"column":0},"end":{"line":3,"column":56}},"2":{"start":{"line":4,"column":0},"end":{"line":4,"column":45}},"3":{"start":{"line":10,"column":52},"end":{"line":10,"column":56}},"4":{"start":{"line":13,"column":4},"end":{"line":15,"column":5}},"5":{"start":{"line":14,"column":6},"end":{"line":14,"column":37}},"6":{"start":{"line":17,"column":29},"end":{"line":17,"column":56}},"7":{"start":{"line":18,"column":4},"end":{"line":20,"column":5}},"8":{"start":{"line":19,"column":6},"end":{"line":19,"column":41}},"9":{"start":{"line":22,"column":4},"end":{"line":22,"column":69}},"10":{"start":{"line":23,"column":4},"end":{"line":23,"column":35}},"11":{"start":{"line":30,"column":23},"end":{"line":30,"column":47}},"12":{"start":{"line":31,"column":4},"end":{"line":33,"column":5}},"13":{"start":{"line":32,"column":6},"end":{"line":32,"column":35}},"14":{"start":{"line":35,"column":23},"end":{"line":35,"column":39}},"15":{"start":{"line":37,"column":4},"end":{"line":61,"column":5}},"16":{"start":{"line":39,"column":27},"end":{"line":41,"column":8}},"17":{"start":{"line":43,"column":6},"end":{"line":45,"column":7}},"18":{"start":{"line":44,"column":8},"end":{"line":44,"column":58}},"19":{"start":{"line":48,"column":19},"end":{"line":54,"column":8}},"20":{"start":{"line":56,"column":24},"end":{"line":56,"column":51}},"21":{"start":{"line":57,"column":6},"end":{"line":57,"column":27}},"22":{"start":{"line":59,"column":27},"end":{"line":59,"column":69}},"23":{"start":{"line":60,"column":6},"end":{"line":60,"column":61}},"24":{"start":{"line":65,"column":23},"end":{"line":65,"column":47}},"25":{"start":{"line":66,"column":4},"end":{"line":68,"column":5}},"26":{"start":{"line":67,"column":6},"end":{"line":67,"column":35}},"27":{"start":{"line":70,"column":23},"end":{"line":70,"column":39}},"28":{"start":{"line":72,"column":4},"end":{"line":91,"column":5}},"29":{"start":{"line":73,"column":19},"end":{"line":75,"column":8}},"30":{"start":{"line":77,"column":6},"end":{"line":79,"column":7}},"31":{"start":{"line":78,"column":8},"end":{"line":78,"column":48}},"32":{"start":{"line":81,"column":6},"end":{"line":85,"column":7}},"33":{"start":{"line":82,"column":8},"end":{"line":84,"column":10}},"34":{"start":{"line":87,"column":6},"end":{"line":87,"column":22}},"35":{"start":{"line":89,"column":27},"end":{"line":89,"column":69}},"36":{"start":{"line":90,"column":6},"end":{"line":90,"column":53}},"37":{"start":{"line":95,"column":23},"end":{"line":95,"column":47}},"38":{"start":{"line":96,"column":4},"end":{"line":98,"column":5}},"39":{"start":{"line":97,"column":6},"end":{"line":97,"column":35}},"40":{"start":{"line":100,"column":23},"end":{"line":100,"column":39}},"41":{"start":{"line":102,"column":4},"end":{"line":152,"column":5}},"42":{"start":{"line":105,"column":8},"end":{"line":105,"column":59}},"43":{"start":{"line":106,"column":17},"end":{"line":108,"column":8}},"44":{"start":{"line":110,"column":6},"end":{"line":115,"column":7}},"45":{"start":{"line":112,"column":8},"end":{"line":112,"column":36}},"46":{"start":{"line":113,"column":8},"end":{"line":113,"column":36}},"47":{"start":{"line":114,"column":8},"end":{"line":114,"column":24}},"48":{"start":{"line":118,"column":6},"end":{"line":120,"column":9}},"49":{"start":{"line":122,"column":6},"end":{"line":132,"column":7}},"50":{"start":{"line":124,"column":8},"end":{"line":128,"column":9}},"51":{"start":{"line":125,"column":10},"end":{"line":125,"column":41}},"52":{"start":{"line":127,"column":10},"end":{"line":127,"column":41}},"53":{"start":{"line":129,"column":8},"end":{"line":129,"column":36}},"54":{"start":{"line":130,"column":8},"end":{"line":130,"column":36}},"55":{"start":{"line":131,"column":8},"end":{"line":131,"column":24}},"56":{"start":{"line":135,"column":22},"end":{"line":145,"column":8}},"57":{"start":{"line":147,"column":24},"end":{"line":147,"column":54}},"58":{"start":{"line":148,"column":6},"end":{"line":148,"column":27}},"59":{"start":{"line":150,"column":27},"end":{"line":150,"column":69}},"60":{"start":{"line":151,"column":6},"end":{"line":151,"column":66}},"61":{"start":{"line":156,"column":23},"end":{"line":156,"column":47}},"62":{"start":{"line":157,"column":4},"end":{"line":159,"column":5}},"63":{"start":{"line":158,"column":6},"end":{"line":158,"column":35}},"64":{"start":{"line":161,"column":23},"end":{"line":161,"column":39}},"65":{"start":{"line":163,"column":4},"end":{"line":181,"column":5}},"66":{"start":{"line":164,"column":28},"end":{"line":164,"column":49}},"67":{"start":{"line":165,"column":25},"end":{"line":165,"column":55}},"68":{"start":{"line":167,"column":24},"end":{"line":174,"column":8}},"69":{"start":{"line":176,"column":24},"end":{"line":176,"column":56}},"70":{"start":{"line":177,"column":6},"end":{"line":177,"column":27}},"71":{"start":{"line":179,"column":27},"end":{"line":179,"column":69}},"72":{"start":{"line":180,"column":6},"end":{"line":180,"column":65}},"73":{"start":{"line":188,"column":23},"end":{"line":188,"column":47}},"74":{"start":{"line":189,"column":4},"end":{"line":191,"column":5}},"75":{"start":{"line":190,"column":6},"end":{"line":190,"column":35}},"76":{"start":{"line":193,"column":23},"end":{"line":193,"column":39}},"77":{"start":{"line":195,"column":4},"end":{"line":201,"column":5}},"78":{"start":{"line":196,"column":6},"end":{"line":196,"column":56}},"79":{"start":{"line":197,"column":6},"end":{"line":197,"column":27}},"80":{"start":{"line":199,"column":27},"end":{"line":199,"column":69}},"81":{"start":{"line":200,"column":6},"end":{"line":200,"column":68}},"82":{"start":{"line":205,"column":23},"end":{"line":205,"column":47}},"83":{"start":{"line":206,"column":4},"end":{"line":208,"column":5}},"84":{"start":{"line":207,"column":6},"end":{"line":207,"column":35}},"85":{"start":{"line":210,"column":23},"end":{"line":210,"column":39}},"86":{"start":{"line":212,"column":4},"end":{"line":225,"column":5}},"87":{"start":{"line":213,"column":19},"end":{"line":215,"column":8}},"88":{"start":{"line":217,"column":6},"end":{"line":219,"column":7}},"89":{"start":{"line":218,"column":8},"end":{"line":218,"column":37}},"90":{"start":{"line":221,"column":6},"end":{"line":221,"column":22}},"91":{"start":{"line":223,"column":27},"end":{"line":223,"column":69}},"92":{"start":{"line":224,"column":6},"end":{"line":224,"column":57}},"93":{"start":{"line":231,"column":23},"end":{"line":231,"column":47}},"94":{"start":{"line":232,"column":4},"end":{"line":234,"column":5}},"95":{"start":{"line":233,"column":6},"end":{"line":233,"column":35}},"96":{"start":{"line":236,"column":23},"end":{"line":236,"column":39}},"97":{"start":{"line":238,"column":4},"end":{"line":251,"column":5}},"98":{"start":{"line":239,"column":19},"end":{"line":241,"column":8}},"99":{"start":{"line":243,"column":6},"end":{"line":245,"column":7}},"100":{"start":{"line":244,"column":8},"end":{"line":244,"column":44}},"101":{"start":{"line":247,"column":6},"end":{"line":247,"column":22}},"102":{"start":{"line":249,"column":27},"end":{"line":249,"column":69}},"103":{"start":{"line":250,"column":6},"end":{"line":250,"column":74}},"104":{"start":{"line":9,"column":0},"end":{"line":9,"column":13}},"105":{"start":{"line":255,"column":13},"end":{"line":255,"column":45}}},"fnMap":{"0":{"name":"(anonymous_0)","decl":{"start":{"line":12,"column":10},"end":{"line":12,"column":27}},"loc":{"start":{"line":12,"column":27},"end":{"line":24,"column":3}}},"1":{"name":"(anonymous_1)","decl":{"start":{"line":26,"column":2},"end":{"line":26,"column":7}},"loc":{"start":{"line":28,"column":26},"end":{"line":62,"column":3}}},"2":{"name":"(anonymous_2)","decl":{"start":{"line":64,"column":2},"end":{"line":64,"column":7}},"loc":{"start":{"line":64,"column":27},"end":{"line":92,"column":3}}},"3":{"name":"(anonymous_3)","decl":{"start":{"line":94,"column":2},"end":{"line":94,"column":7}},"loc":{"start":{"line":94,"column":43},"end":{"line":153,"column":3}}},"4":{"name":"(anonymous_4)","decl":{"start":{"line":155,"column":2},"end":{"line":155,"column":7}},"loc":{"start":{"line":155,"column":23},"end":{"line":182,"column":3}}},"5":{"name":"(anonymous_5)","decl":{"start":{"line":184,"column":2},"end":{"line":184,"column":7}},"loc":{"start":{"line":186,"column":31},"end":{"line":202,"column":3}}},"6":{"name":"(anonymous_6)","decl":{"start":{"line":204,"column":2},"end":{"line":204,"column":7}},"loc":{"start":{"line":204,"column":31},"end":{"line":226,"column":3}}},"7":{"name":"(anonymous_7)","decl":{"start":{"line":228,"column":2},"end":{"line":228,"column":7}},"loc":{"start":{"line":229,"column":24},"end":{"line":252,"column":3}}}},"branchMap":{"0":{"loc":{"start":{"line":13,"column":4},"end":{"line":15,"column":5}},"type":"if","locations":[{"start":{"line":13,"column":4},"end":{"line":15,"column":5}}]},"1":{"loc":{"start":{"line":18,"column":4},"end":{"line":20,"column":5}},"type":"if","locations":[{"start":{"line":18,"column":4},"end":{"line":20,"column":5}}]},"2":{"loc":{"start":{"line":31,"column":4},"end":{"line":33,"column":5}},"type":"if","locations":[{"start":{"line":31,"column":4},"end":{"line":33,"column":5}}]},"3":{"loc":{"start":{"line":43,"column":6},"end":{"line":45,"column":7}},"type":"if","locations":[{"start":{"line":43,"column":6},"end":{"line":45,"column":7}}]},"4":{"loc":{"start":{"line":59,"column":27},"end":{"line":59,"column":69}},"type":"cond-expr","locations":[{"start":{"line":59,"column":48},"end":{"line":59,"column":57}},{"start":{"line":59,"column":60},"end":{"line":59,"column":69}}]},"5":{"loc":{"start":{"line":66,"column":4},"end":{"line":68,"column":5}},"type":"if","locations":[{"start":{"line":66,"column":4},"end":{"line":68,"column":5}}]},"6":{"loc":{"start":{"line":77,"column":6},"end":{"line":79,"column":7}},"type":"if","locations":[{"start":{"line":77,"column":6},"end":{"line":79,"column":7}}]},"7":{"loc":{"start":{"line":81,"column":6},"end":{"line":85,"column":7}},"type":"if","locations":[{"start":{"line":81,"column":6},"end":{"line":85,"column":7}}]},"8":{"loc":{"start":{"line":89,"column":27},"end":{"line":89,"column":69}},"type":"cond-expr","locations":[{"start":{"line":89,"column":48},"end":{"line":89,"column":57}},{"start":{"line":89,"column":60},"end":{"line":89,"column":69}}]},"9":{"loc":{"start":{"line":96,"column":4},"end":{"line":98,"column":5}},"type":"if","locations":[{"start":{"line":96,"column":4},"end":{"line":98,"column":5}}]},"10":{"loc":{"start":{"line":105,"column":8},"end":{"line":105,"column":59}},"type":"cond-expr","locations":[{"start":{"line":105,"column":36},"end":{"line":105,"column":46}},{"start":{"line":105,"column":49},"end":{"line":105,"column":59}}]},"11":{"loc":{"start":{"line":110,"column":6},"end":{"line":115,"column":7}},"type":"if","locations":[{"start":{"line":110,"column":6},"end":{"line":115,"column":7}}]},"12":{"loc":{"start":{"line":122,"column":6},"end":{"line":132,"column":7}},"type":"if","locations":[{"start":{"line":122,"column":6},"end":{"line":132,"column":7}}]},"13":{"loc":{"start":{"line":124,"column":8},"end":{"line":128,"column":9}},"type":"if","locations":[{"start":{"line":124,"column":8},"end":{"line":128,"column":9}},{"start":{"line":126,"column":15},"end":{"line":128,"column":9}}]},"14":{"loc":{"start":{"line":140,"column":10},"end":{"line":140,"column":79}},"type":"cond-expr","locations":[{"start":{"line":140,"column":38},"end":{"line":140,"column":57}},{"start":{"line":140,"column":60},"end":{"line":140,"column":79}}]},"15":{"loc":{"start":{"line":141,"column":18},"end":{"line":141,"column":67}},"type":"cond-expr","locations":[{"start":{"line":141,"column":46},"end":{"line":141,"column":60}},{"start":{"line":141,"column":63},"end":{"line":141,"column":67}}]},"16":{"loc":{"start":{"line":142,"column":18},"end":{"line":142,"column":67}},"type":"cond-expr","locations":[{"start":{"line":142,"column":46},"end":{"line":142,"column":60}},{"start":{"line":142,"column":63},"end":{"line":142,"column":67}}]},"17":{"loc":{"start":{"line":150,"column":27},"end":{"line":150,"column":69}},"type":"cond-expr","locations":[{"start":{"line":150,"column":48},"end":{"line":150,"column":57}},{"start":{"line":150,"column":60},"end":{"line":150,"column":69}}]},"18":{"loc":{"start":{"line":157,"column":4},"end":{"line":159,"column":5}},"type":"if","locations":[{"start":{"line":157,"column":4},"end":{"line":159,"column":5}}]},"19":{"loc":{"start":{"line":179,"column":27},"end":{"line":179,"column":69}},"type":"cond-expr","locations":[{"start":{"line":179,"column":48},"end":{"line":179,"column":57}},{"start":{"line":179,"column":60},"end":{"line":179,"column":69}}]},"20":{"loc":{"start":{"line":189,"column":4},"end":{"line":191,"column":5}},"type":"if","locations":[{"start":{"line":189,"column":4},"end":{"line":191,"column":5}}]},"21":{"loc":{"start":{"line":199,"column":27},"end":{"line":199,"column":69}},"type":"cond-expr","locations":[{"start":{"line":199,"column":48},"end":{"line":199,"column":57}},{"start":{"line":199,"column":60},"end":{"line":199,"column":69}}]},"22":{"loc":{"start":{"line":206,"column":4},"end":{"line":208,"column":5}},"type":"if","locations":[{"start":{"line":206,"column":4},"end":{"line":208,"column":5}}]},"23":{"loc":{"start":{"line":217,"column":6},"end":{"line":219,"column":7}},"type":"if","locations":[{"start":{"line":217,"column":6},"end":{"line":219,"column":7}}]},"24":{"loc":{"start":{"line":223,"column":27},"end":{"line":223,"column":69}},"type":"cond-expr","locations":[{"start":{"line":223,"column":48},"end":{"line":223,"column":57}},{"start":{"line":223,"column":60},"end":{"line":223,"column":69}}]},"25":{"loc":{"start":{"line":232,"column":4},"end":{"line":234,"column":5}},"type":"if","locations":[{"start":{"line":232,"column":4},"end":{"line":234,"column":5}}]},"26":{"loc":{"start":{"line":243,"column":6},"end":{"line":245,"column":7}},"type":"if","locations":[{"start":{"line":243,"column":6},"end":{"line":245,"column":7}}]},"27":{"loc":{"start":{"line":249,"column":27},"end":{"line":249,"column":69}},"type":"cond-expr","locations":[{"start":{"line":249,"column":48},"end":{"line":249,"column":57}},{"start":{"line":249,"column":60},"end":{"line":249,"column":69}}]}},"s":{"0":0,"1":0,"2":0,"3":0,"4":0,"5":0,"6":0,"7":0,"8":0,"9":0,"10":0,"11":0,"12":0,"13":0,"14":0,"15":0,"16":0,"17":0,"18":0,"19":0,"20":0,"21":0,"22":0,"23":0,"24":0,"25":0,"26":0,"27":0,"28":0,"29":0,"30":0,"31":0,"32":0,"33":0,"34":0,"35":0,"36":0,"37":0,"38":0,"39":0,"40":0,"41":0,"42":0,"43":0,"44":0,"45":0,"46":0,"47":0,"48":0,"49":0,"50":0,"51":0,"52":0,"53":0,"54":0,"55":0,"56":0,"57":0,"58":0,"59":0,"60":0,"61":0,"62":0,"63":0,"64":0,"65":0,"66":0,"67":0,"68":0,"69":0,"70":0,"71":0,"72":0,"73":0,"74":0,"75":0,"76":0,"77":0,"78":0,"79":0,"80":0,"81":0,"82":0,"83":0,"84":0,"85":0,"86":0,"87":0,"88":0,"89":0,"90":0,"91":0,"92":0,"93":0,"94":0,"95":0,"96":0,"97":0,"98":0,"99":0,"100":0,"101":0,"102":0,"103":0,"104":0,"105":0},"f":{"0":0,"1":0,"2":0,"3":0,"4":0,"5":0,"6":0,"7":0},"b":{"0":[0],"1":[0],"2":[0],"3":[0],"4":[0,0],"5":[0],"6":[0],"7":[0],"8":[0,0],"9":[0],"10":[0,0],"11":[0],"12":[0],"13":[0,0],"14":[0,0],"15":[0,0],"16":[0,0],"17":[0,0],"18":[0],"19":[0,0],"20":[0],"21":[0,0],"22":[0],"23":[0],"24":[0,0],"25":[0],"26":[0],"27":[0,0]}}
,"D:\\code\\CodeMap\\backend\\src\\modules\\auth\\dto\\login.dto.ts": {"path":"D:\\code\\CodeMap\\backend\\src\\modules\\auth\\dto\\login.dto.ts","statementMap":{"0":{"start":{"line":6,"column":4},"end":{"line":6,"column":23}},"1":{"start":{"line":7,"column":4},"end":{"line":7,"column":29}},"2":{"start":{"line":11,"column":29},"end":{"line":11,"column":31}},"3":{"start":{"line":13,"column":4},"end":{"line":17,"column":5}},"4":{"start":{"line":14,"column":6},"end":{"line":14,"column":60}},"5":{"start":{"line":15,"column":11},"end":{"line":17,"column":5}},"6":{"start":{"line":16,"column":6},"end":{"line":16,"column":57}},"7":{"start":{"line":19,"column":4},"end":{"line":21,"column":5}},"8":{"start":{"line":20,"column":6},"end":{"line":20,"column":63}},"9":{"start":{"line":23,"column":4},"end":{"line":26,"column":6}},"10":{"start":{"line":1,"column":0},"end":{"line":1,"column":13}}},"fnMap":{"0":{"name":"(anonymous_0)","decl":{"start":{"line":5,"column":2},"end":{"line":5,"column":14}},"loc":{"start":{"line":5,"column":45},"end":{"line":8,"column":3}}},"1":{"name":"(anonymous_1)","decl":{"start":{"line":10,"column":2},"end":{"line":10,"column":8}},"loc":{"start":{"line":10,"column":27},"end":{"line":27,"column":3}}}},"branchMap":{"0":{"loc":{"start":{"line":13,"column":4},"end":{"line":17,"column":5}},"type":"if","locations":[{"start":{"line":13,"column":4},"end":{"line":17,"column":5}},{"start":{"line":15,"column":11},"end":{"line":17,"column":5}}]},"1":{"loc":{"start":{"line":13,"column":8},"end":{"line":13,"column":53}},"type":"binary-expr","locations":[{"start":{"line":13,"column":8},"end":{"line":13,"column":19}},{"start":{"line":13,"column":23},"end":{"line":13,"column":53}}]},"2":{"loc":{"start":{"line":15,"column":11},"end":{"line":17,"column":5}},"type":"if","locations":[{"start":{"line":15,"column":11},"end":{"line":17,"column":5}}]},"3":{"loc":{"start":{"line":19,"column":4},"end":{"line":21,"column":5}},"type":"if","locations":[{"start":{"line":19,"column":4},"end":{"line":21,"column":5}}]},"4":{"loc":{"start":{"line":19,"column":8},"end":{"line":19,"column":59}},"type":"binary-expr","locations":[{"start":{"line":19,"column":8},"end":{"line":19,"column":22}},{"start":{"line":19,"column":26},"end":{"line":19,"column":59}}]}},"s":{"0":0,"1":0,"2":0,"3":0,"4":0,"5":0,"6":0,"7":0,"8":0,"9":0,"10":0},"f":{"0":0,"1":0},"b":{"0":[0,0],"1":[0,0],"2":[0],"3":[0],"4":[0,0]}}
[...]
,"D:\\code\\CodeMap\\backend\\src\\modules\\user\\user.controller.ts": {"path":"D:\\code\\CodeMap\\backend\\src\\modules\\user\\user.controller.ts","statementMap":{"0":{"start":{"line":2,"column":0},"end":{"line":2,"column":45}},"1":{"start":{"line":5,"column":11},"end":{"line":12,"column":3}},"2":{"start":{"line":6,"column":19},"end":{"line":6,"column":57}},"3":{"start":{"line":8,"column":4},"end":{"line":11,"column":6}},"4":{"start":{"line":9,"column":16},"end":{"line":9,"column":42}},"5":{"start":{"line":10,"column":17},"end":{"line":10,"column":39}},"6":{"start":{"line":15,"column":13},"end":{"line":15,"column":51}}},"fnMap":{"0":{"name":"(anonymous_0)","decl":{"start":{"line":5,"column":11},"end":{"line":5,"column":16}},"loc":{"start":{"line":5,"column":69},"end":{"line":12,"column":3}}},"1":{"name":"(anonymous_1)","decl":{"start":{"line":9,"column":6},"end":{"line":9,"column":7}},"loc":{"start":{"line":9,"column":16},"end":{"line":9,"column":42}}},"2":{"name":"(anonymous_2)","decl":{"start":{"line":10,"column":6},"end":{"line":10,"column":7}},"loc":{"start":{"line":10,"column":17},"end":{"line":10,"column":39}}}},"branchMap":{},"s":{"0":0,"1":0,"2":0,"3":0,"4":0,"5":0,"6":0},"f":{"0":0,"1":0,"2":0},"b":{}}
,"D:\\code\\CodeMap\\backend\\src\\modules\\user\\user.entity.ts": {"path":"D:\\code\\CodeMap\\backend\\src\\modules\\user\\user.entity.ts","statementMap":{"0":{"start":{"line":1,"column":0},"end":{"line":1,"column":null}},"1":{"start":{"line":9,"column":0},"end":{"line":9,"column":null}},"2":{"start":{"line":10,"column":2},"end":{"line":10,"column":null}},"3":{"start":{"line":11,"column":2},"end":{"line":11,"column":null}},"4":{"start":{"line":12,"column":2},"end":{"line":12,"column":null}},"5":{"start":{"line":13,"column":2},"end":{"line":13,"column":null}},"6":{"start":{"line":17,"column":7},"end":{"line":57,"column":null}},"7":{"start":{"line":17,"column":13},"end":{"line":17,"column":17}},"8":{"start":{"line":19,"column":2},"end":{"line":19,"column":null}},"9":{"start":{"line":22,"column":2},"end":{"line":22,"column":null}},"10":{"start":{"line":25,"column":2},"end":{"line":25,"column":null}},"11":{"start":{"line":28,"column":2},"end":{"line":28,"column":null}},"12":{"start":{"line":35,"column":2},"end":{"line":35,"column":null}},"13":{"start":{"line":38,"column":2},"end":{"line":38,"column":null}},"14":{"start":{"line":41,"column":2},"end":{"line":41,"column":null}},"15":{"start":{"line":44,"column":2},"end":{"line":44,"column":null}},"16":{"start":{"line":47,"column":2},"end":{"line":47,"column":null}},"17":{"start":{"line":50,"column":2},"end":{"line":50,"column":null}},"18":{"start":{"line":53,"column":2},"end":{"line":53,"column":null}},"19":{"start":{"line":56,"column":2},"end":{"line":56,"column":null}},"20":{"start":{"line":17,"column":13},"end":{"line":57,"column":null}}},"fnMap":{"0":{"name":"(anonymous_2)","decl":{"start":{"line":9,"column":0},"end":{"line":9,"column":12}},"loc":{"start":{"line":9,"column":24},"end":{"line":14,"column":1}}}},"branchMap":{"0":{"loc":{"start":{"line":9,"column":12},"end":{"line":9,"column":null}},"type":"binary-expr","locations":[{"start":{"line":9,"column":12},"end":{"line":9,"column":24}},{"start":{"line":9,"column":24},"end":{"line":9,"column":null}}]}},"s":{"0":0,"1":0,"2":0,"3":0,"4":0,"5":0,"6":0,"7":0,"8":0,"9":0,"10":0,"11":0,"12":0,"13":0,"14":0,"15":0,"16":0,"17":0,"18":0,"19":0,"20":0},"f":{"0":0},"b":{"0":[0,0]}}
,"D:\\code\\CodeMap\\backend\\src\\modules\\user\\user.routes.ts": {"path":"D:\\code\\CodeMap\\backend\\src\\modules\\user\\user.routes.ts","statementMap":{"0":{"start":{"line":1,"column":0},"end":{"line":1,"column":33}},"1":{"start":{"line":2,"column":0},"end":{"line":2,"column":51}},"2":{"start":{"line":5,"column":15},"end":{"line":5,"column":23}},"3":{"start":{"line":8,"column":0},"end":{"line":8,"column":40}},"4":{"start":{"line":25,"column":0},"end":{"line":25,"column":22}}},"fnMap":{},"branchMap":{},"s":{"0":0,"1":0,"2":0,"3":0,"4":0},"f":{},"b":{}}
,"D:\\code\\CodeMap\\backend\\src\\modules\\user\\user.service.ts": {"path":"D:\\code\\CodeMap\\backend\\src\\modules\\user\\user.service.ts","statementMap":{"0":{"start":{"line":2,"column":0},"end":{"line":2,"column":37}},"1":{"start":{"line":3,"column":0},"end":{"line":3,"column":56}},"2":{"start":{"line":4,"column":0},"end":{"line":4,"column":45}},"3":{"start":{"line":8,"column":29},"end":{"line":8,"column":56}},"4":{"start":{"line":9,"column":4},"end":{"line":11,"column":5}},"5":{"start":{"line":10,"column":6},"end":{"line":10,"column":41}},"6":{"start":{"line":12,"column":4},"end":{"line":12,"column":58}},"7":{"start":{"line":16,"column":23},"end":{"line":16,"column":37}},"8":{"start":{"line":17,"column":4},"end":{"line":19,"column":5}},"9":{"start":{"line":18,"column":6},"end":{"line":18,"column":35}},"10":{"start":{"line":21,"column":4},"end":{"line":28,"column":5}},"11":{"start":{"line":22,"column":19},"end":{"line":22,"column":52}},"12":{"start":{"line":23,"column":20},"end":{"line":23,"column":53}},"13":{"start":{"line":24,"column":6},"end":{"line":24,"column":23}},"14":{"start":{"line":26,"column":22},"end":{"line":26,"column":64}},"15":{"start":{"line":27,"column":6},"end":{"line":27,"column":54}},"16":{"start":{"line":32,"column":13},"end":{"line":32,"column":45}}},"fnMap":{"0":{"name":"(anonymous_0)","decl":{"start":{"line":7,"column":10},"end":{"line":7,"column":17}},"loc":{"start":{"line":7,"column":17},"end":{"line":13,"column":3}}},"1":{"name":"(anonymous_1)","decl":{"start":{"line":15,"column":2},"end":{"line":15,"column":7}},"loc":{"start":{"line":15,"column":42},"end":{"line":29,"column":3}}}},"branchMap":{"0":{"loc":{"start":{"line":9,"column":4},"end":{"line":11,"column":5}},"type":"if","locations":[{"start":{"line":9,"column":4},"end":{"line":11,"column":5}}]},"1":{"loc":{"start":{"line":17,"column":4},"end":{"line":19,"column":5}},"type":"if","locations":[{"start":{"line":17,"column":4},"end":{"line":19,"column":5}}]},"2":{"loc":{"start":{"line":26,"column":22},"end":{"line":26,"column":64}},"type":"cond-expr","locations":[{"start":{"line":26,"column":43},"end":{"line":26,"column":52}},{"start":{"line":26,"column":55},"end":{"line":26,"column":64}}]}},"s":{"0":0,"1":0,"2":0,"3":0,"4":0,"5":0,"6":0,"7":0,"8":0,"9":0,"10":0,"11":0,"12":0,"13":0,"14":0,"15":0,"16":0},"f":{"0":0,"1":0},"b":{"0":[0],"1":[0],"2":[0,0]}}
,"D:\\code\\CodeMap\\backend\\src\\utils\\jwt.util.ts": {"path":"D:\\code\\CodeMap\\backend\\src\\utils\\jwt.util.ts","statementMap":{"0":{"start":{"line":1,"column":0},"end":{"line":1,"column":31}},"1":{"start":{"line":2,"column":0},"end":{"line":2,"column":42}},"2":{"start":{"line":3,"column":0},"end":{"line":3,"column":45}},"3":{"start":{"line":13,"column":4},"end":{"line":22,"column":5}},"4":{"start":{"line":14,"column":21},"end":{"line":14,"column":48}},"5":{"start":{"line":15,"column":20},"end":{"line":17,"column":8}},"6":{"start":{"line":18,"column":6},"end":{"line":18,"column":23}},"7":{"start":{"line":20,"column":27},"end":{"line":20,"column":69}},"8":{"start":{"line":21,"column":6},"end":{"line":21,"column":69}},"9":{"start":{"line":26,"column":4},"end":{"line":35,"column":5}},"10":{"start":{"line":27,"column":21},"end":{"line":27,"column":49}},"11":{"start":{"line":28,"column":20},"end":{"line":30,"column":8}},"12":{"start":{"line":31,"column":6},"end":{"line":31,"column":23}},"13":{"start":{"line":33,"column":27},"end":{"line":33,"column":69}},"14":{"start":{"line":34,"column":6},"end":{"line":34,"column":70}},"15":{"start":{"line":39,"column":4},"end":{"line":52,"column":5}},"16":{"start":{"line":40,"column":21},"end":{"line":40,"column":48}},"17":{"start":{"line":41,"column":22},"end":{"line":41,"column":61}},"18":{"start":{"line":42,"column":6},"end":{"line":42,"column":25}},"19":{"start":{"line":44,"column":6},"end":{"line":46,"column":7}},"20":{"start":{"line":45,"column":8},"end":{"line":45,"column":47}},"21":{"start":{"line":47,"column":6},"end":{"line":49,"column":7}},"22":{"start":{"line":48,"column":8},"end":{"line":48,"column":43}},"23":{"start":{"line":50,"column":27},"end":{"line":50,"column":69}},"24":{"start":{"line":51,"column":6},"end":{"line":51,"column":67}},"25":{"start":{"line":56,"column":4},"end":{"line":69,"column":5}},"26":{"start":{"line":57,"column":21},"end":{"line":57,"column":49}},"27":{"start":{"line":58,"column":22},"end":{"line":58,"column":61}},"28":{"start":{"line":59,"column":6},"end":{"line":59,"column":25}},"29":{"start":{"line":61,"column":6},"end":{"line":63,"column":7}},"30":{"start":{"line":62,"column":8},"end":{"line":62,"column":48}},"31":{"start":{"line":64,"column":6},"end":{"line":66,"column":7}},"32":{"start":{"line":65,"column":8},"end":{"line":65,"column":44}},"33":{"start":{"line":67,"column":27},"end":{"line":67,"column":69}},"34":{"start":{"line":68,"column":6},"end":{"line":68,"column":68}},"35":{"start":{"line":11,"column":0},"end":{"line":11,"column":13}},"36":{"start":{"line":73,"column":13},"end":{"line":73,"column":37}}},"fnMap":{"0":{"name":"(anonymous_1)","decl":{"start":{"line":12,"column":2},"end":{"line":12,"column":21}},"loc":{"start":{"line":12,"column":41},"end":{"line":23,"column":3}}},"1":{"name":"(anonymous_2)","decl":{"start":{"line":25,"column":2},"end":{"line":25,"column":22}},"loc":{"start":{"line":25,"column":42},"end":{"line":36,"column":3}}},"2":{"name":"(anonymous_3)","decl":{"start":{"line":38,"column":2},"end":{"line":38,"column":19}},"loc":{"start":{"line":38,"column":33},"end":{"line":53,"column":3}}},"3":{"name":"(anonymous_4)","decl":{"start":{"line":55,"column":2},"end":{"line":55,"column":20}},"loc":{"start":{"line":55,"column":34},"end":{"line":70,"column":3}}}},"branchMap":{"0":{"loc":{"start":{"line":20,"column":27},"end":{"line":20,"column":69}},"type":"cond-expr","locations":[{"start":{"line":20,"column":48},"end":{"line":20,"column":57}},{"start":{"line":20,"column":60},"end":{"line":20,"column":69}}]},"1":{"loc":{"start":{"line":33,"column":27},"end":{"line":33,"column":69}},"type":"cond-expr","locations":[{"start":{"line":33,"column":48},"end":{"line":33,"column":57}},{"start":{"line":33,"column":60},"end":{"line":33,"column":69}}]},"2":{"loc":{"start":{"line":44,"column":6},"end":{"line":46,"column":7}},"type":"if","locations":[{"start":{"line":44,"column":6},"end":{"line":46,"column":7}}]},"3":{"loc":{"start":{"line":47,"column":6},"end":{"line":49,"column":7}},"type":"if","locations":[{"start":{"line":47,"column":6},"end":{"line":49,"column":7}}]},"4":{"loc":{"start":{"line":50,"column":27},"end":{"line":50,"column":69}},"type":"cond-expr","locations":[{"start":{"line":50,"column":48},"end":{"line":50,"column":57}},{"start":{"line":50,"column":60},"end":{"line":50,"column":69}}]},"5":{"loc":{"start":{"line":61,"column":6},"end":{"line":63,"column":7}},"type":"if","locations":[{"start":{"line":61,"column":6},"end":{"line":63,"column":7}}]},"6":{"loc":{"start":{"line":64,"column":6},"end":{"line":66,"column":7}},"type":"if","locations":[{"start":{"line":64,"column":6},"end":{"line":66,"column":7}}]},"7":{"loc":{"start":{"line":67,"column":27},"end":{"line":67,"column":69}},"type":"cond-expr","locations":[{"start":{"line":67,"column":48},"end":{"line":67,"column":57}},{"start":{"line":67,"column":60},"end":{"line":67,"column":69}}]}},"s":{"0":0,"1":0,"2":0,"3":0,"4":0,"5":0,"6":0,"7":0,"8":0,"9":0,"10":0,"11":0,"12":0,"13":0,"14":0,"15":0,"16":0,"17":0,"18":0,"19":0,"20":0,"21":0,"22":0,"23":0,"24":0,"25":0,"26":0,"27":0,"28":0,"29":0,"30":0,"31":0,"32":0,"33":0,"34":0,"35":0,"36":0},"f":{"0":0,"1":0,"2":0,"3":0},"b":{"0":[0,0],"1":[0,0],"2":[0],"3":[0],"4":[0,0],"5":[0],"6":[0],"7":[0,0]}}
,"D:\\code\\CodeMap\\backend\\src\\utils\\oauth.util.ts": {"path":"D:\\code\\CodeMap\\backend\\src\\utils\\oauth.util.ts","statementMap":{"0":{"start":{"line":1,"column":0},"end":{"line":1,"column":32}},"1":{"start":{"line":2,"column":0},"end":{"line":2,"column":111}},"2":{"start":{"line":3,"column":0},"end":{"line":3,"column":88}},"3":{"start":{"line":4,"column":0},"end":{"line":4,"column":42}},"4":{"start":{"line":5,"column":0},"end":{"line":5,"column":59}},"5":{"start":{"line":6,"column":0},"end":{"line":6,"column":57}},"6":{"start":{"line":11,"column":4},"end":{"line":48,"column":6}},"7":{"start":{"line":24,"column":10},"end":{"line":45,"column":11}},"8":{"start":{"line":25,"column":26},"end":{"line":25,"column":52}},"9":{"start":{"line":26,"column":12},"end":{"line":28,"column":13}},"10":{"start":{"line":27,"column":14},"end":{"line":27,"column":79}},"11":{"start":{"line":30,"column":29},"end":{"line":34,"column":null}},"12":{"start":{"line":37,"column":27},"end":{"line":37,"column":76}},"13":{"start":{"line":39,"column":12},"end":{"line":42,"column":14}},"14":{"start":{"line":40,"column":24},"end":{"line":40,"column":40}},"15":{"start":{"line":41,"column":25},"end":{"line":41,"column":58}},"16":{"start":{"line":44,"column":12},"end":{"line":44,"column":44}},"17":{"start":{"line":51,"column":4},"end":{"line":88,"column":6}},"18":{"start":{"line":64,"column":10},"end":{"line":85,"column":11}},"19":{"start":{"line":65,"column":26},"end":{"line":65,"column":52}},"20":{"start":{"line":66,"column":12},"end":{"line":68,"column":13}},"21":{"start":{"line":67,"column":14},"end":{"line":67,"column":79}},"22":{"start":{"line":70,"column":29},"end":{"line":74,"column":null}},"23":{"start":{"line":77,"column":27},"end":{"line":77,"column":76}},"24":{"start":{"line":79,"column":12},"end":{"line":82,"column":14}},"25":{"start":{"line":80,"column":24},"end":{"line":80,"column":40}},"26":{"start":{"line":81,"column":25},"end":{"line":81,"column":58}},"27":{"start":{"line":84,"column":12},"end":{"line":84,"column":44}},"28":{"start":{"line":91,"column":4},"end":{"line":93,"column":7}},"29":{"start":{"line":92,"column":6},"end":{"line":92,"column":35}},"30":{"start":{"line":96,"column":4},"end":{"line":102,"column":7}},"31":{"start":{"line":97,"column":21},"end":{"line":97,"column":51}},"32":{"start":{"line":98,"column":6},"end":{"line":101,"column":8}},"33":{"start":{"line":99,"column":18},"end":{"line":99,"column":34}},"34":{"start":{"line":100,"column":19},"end":{"line":100,"column":47}},"35":{"start":{"line":8,"column":0},"end":{"line":8,"column":13}},"36":{"start":{"line":106,"column":13},"end":{"line":106,"column":41}}},"fnMap":{"0":{"name":"(anonymous_1)","decl":{"start":{"line":9,"column":2},"end":{"line":9,"column":12}},"loc":{"start":{"line":9,"column":12},"end":{"line":103,"column":3}}},"1":{"name":"(anonymous_2)","decl":{"start":{"line":18,"column":8},"end":{"line":18,"column":13}},"loc":{"start":{"line":23,"column":12},"end":{"line":46,"column":9}}},"2":{"name":"(anonymous_3)","decl":{"start":{"line":40,"column":14},"end":{"line":40,"column":15}},"loc":{"start":{"line":40,"column":24},"end":{"line":40,"column":40}}},"3":{"name":"(anonymous_4)","decl":{"start":{"line":41,"column":14},"end":{"line":41,"column":15}},"loc":{"start":{"line":41,"column":25},"end":{"line":41,"column":58}}},"4":{"name":"(anonymous_5)","decl":{"start":{"line":58,"column":8},"end":{"line":58,"column":13}},"loc":{"start":{"line":63,"column":12},"end":{"line":86,"column":9}}},"5":{"name":"(anonymous_6)","decl":{"start":{"line":80,"column":14},"end":{"line":80,"column":15}},"loc":{"start":{"line":80,"column":24},"end":{"line":80,"column":40}}},"6":{"name":"(anonymous_7)","decl":{"start":{"line":81,"column":14},"end":{"line":81,"column":15}},"loc":{"start":{"line":81,"column":25},"end":{"line":81,"column":58}}},"7":{"name":"(anonymous_8)","decl":{"start":{"line":91,"column":27},"end":{"line":91,"column":28}},"loc":{"start":{"line":91,"column":86},"end":{"line":93,"column":5}}},"8":{"name":"(anonymous_9)","decl":{"start":{"line":96,"column":29},"end":{"line":96,"column":34}},"loc":{"start":{"line":96,"column":88},"end":{"line":102,"column":5}}},"9":{"name":"(anonymous_10)","decl":{"start":{"line":99,"column":8},"end":{"line":99,"column":9}},"loc":{"start":{"line":99,"column":18},"end":{"line":99,"column":34}}},"10":{"name":"(anonymous_11)","decl":{"start":{"line":100,"column":8},"end":{"line":100,"column":9}},"loc":{"start":{"line":100,"column":19},"end":{"line":100,"column":47}}}},"branchMap":{"0":{"loc":{"start":{"line":26,"column":12},"end":{"line":28,"column":13}},"type":"if","locations":[{"start":{"line":26,"column":12},"end":{"line":28,"column":13}}]},"1":{"loc":{"start":{"line":34,"column":15},"end":{"line":34,"column":57}},"type":"binary-expr","locations":[{"start":{"line":34,"column":15},"end":{"line":34,"column":34}},{"start":{"line":34,"column":38},"end":{"line":34,"column":57}}]},"2":{"loc":{"start":{"line":66,"column":12},"end":{"line":68,"column":13}},"type":"if","locations":[{"start":{"line":66,"column":12},"end":{"line":68,"column":13}}]},"3":{"loc":{"start":{"line":74,"column":15},"end":{"line":74,"column":54}},"type":"binary-expr","locations":[{"start":{"line":74,"column":15},"end":{"line":74,"column":31}},{"start":{"line":74,"column":35},"end":{"line":74,"column":54}}]}},"s":{"0":0,"1":0,"2":0,"3":0,"4":0,"5":0,"6":0,"7":0,"8":0,"9":0,"10":0,"11":0,"12":0,"13":0,"14":0,"15":0,"16":0,"17":0,"18":0,"19":0,"20":0,"21":0,"22":0,"23":0,"24":0,"25":0,"26":0,"27":0,"28":0,"29":0,"30":0,"31":0,"32":0,"33":0,"34":0,"35":0,"36":0},"f":{"0":0,"1":0,"2":0,"3":0,"4":0,"5":0,"6":0,"7":0,"8":0,"9":0,"10":0},"b":{"0":[0],"1":[0,0],"2":[0],"3":[0,0]}}
,"D:\\code\\CodeMap\\backend\\src\\utils\\password.util.ts": {"path":"D:\\code\\CodeMap\\backend\\src\\utils\\password.util.ts","statementMap":{"0":{"start":{"line":1,"column":0},"end":{"line":1,"column":28}},"1":{"start":{"line":2,"column":0},"end":{"line":2,"column":45}},"2":{"start":{"line":4,"column":20},"end":{"line":4,"column":22}},"3":{"start":{"line":8,"column":4},"end":{"line":14,"column":5}},"4":{"start":{"line":9,"column":29},"end":{"line":9,"column":69}},"5":{"start":{"line":10,"column":6},"end":{"line":10,"column":32}},"6":{"start":{"line":12,"column":27},"end":{"line":12,"column":69}},"7":{"start":{"line":13,"column":6},"end":{"line":13,"column":61}},"8":{"start":{"line":21,"column":4},"end":{"line":27,"column":5}},"9":{"start":{"line":22,"column":22},"end":{"line":22,"column":73}},"10":{"start":{"line":23,"column":6},"end":{"line":23,"column":25}},"11":{"start":{"line":25,"column":27},"end":{"line":25,"column":69}},"12":{"start":{"line":26,"column":6},"end":{"line":26,"column":64}},"13":{"start":{"line":6,"column":0},"end":{"line":6,"column":13}},"14":{"start":{"line":31,"column":13},"end":{"line":31,"column":47}}},"fnMap":{"0":{"name":"(anonymous_1)","decl":{"start":{"line":7,"column":2},"end":{"line":7,"column":7}},"loc":{"start":{"line":7,"column":37},"end":{"line":15,"column":3}}},"1":{"name":"(anonymous_2)","decl":{"start":{"line":17,"column":2},"end":{"line":17,"column":7}},"loc":{"start":{"line":19,"column":26},"end":{"line":28,"column":3}}}},"branchMap":{"0":{"loc":{"start":{"line":12,"column":27},"end":{"line":12,"column":69}},"type":"cond-expr","locations":[{"start":{"line":12,"column":48},"end":{"line":12,"column":57}},{"start":{"line":12,"column":60},"end":{"line":12,"column":69}}]},"1":{"loc":{"start":{"line":25,"column":27},"end":{"line":25,"column":69}},"type":"cond-expr","locations":[{"start":{"line":25,"column":48},"end":{"line":25,"column":57}},{"start":{"line":25,"column":60},"end":{"line":25,"column":69}}]}},"s":{"0":0,"1":0,"2":0,"3":0,"4":0,"5":0,"6":0,"7":0,"8":0,"9":0,"10":0,"11":0,"12":0,"13":0,"14":0},"f":{"0":0,"1":0},"b":{"0":[0,0],"1":[0,0]}}
}
